0 info it worked if it ends with ok
1 verbose cli [ '/Users/hotread/.nvm/versions/node/v5.7.0/bin/node',
1 verbose cli   '/Users/hotread/.nvm/versions/node/v5.7.0/bin/npm',
1 verbose cli   'run',
1 verbose cli   'build' ]
2 info using npm@3.6.0
3 info using node@v5.7.0
4 verbose run-script [ 'prebuild', 'build', 'postbuild' ]
5 info lifecycle vue-server@1.0.0~prebuild: vue-server@1.0.0
6 silly lifecycle vue-server@1.0.0~prebuild: no script for prebuild, continuing
7 info lifecycle vue-server@1.0.0~build: vue-server@1.0.0
8 verbose lifecycle vue-server@1.0.0~build: unsafe-perm in lifecycle true
9 verbose lifecycle vue-server@1.0.0~build: PATH: /Users/hotread/.nvm/versions/node/v5.7.0/lib/node_modules/npm/bin/node-gyp-bin:/Users/hotread/work/learn/MyBlog_Admin/node_modules/.bin:/Users/hotread/.nvm/versions/node/v5.7.0/bin:/usr/local/bin:/usr/bin:/bin:/usr/sbin:/sbin:/Applications/Wireshark.app/Contents/MacOS:/Users/hotread/work/soft/android/tools:/Users/hotread/work/soft/android/platform-tool:/opt/sshpass/bin:/Users/hotread/Downloads/apache-maven-3.5.2/bin
10 verbose lifecycle vue-server@1.0.0~build: CWD: /Users/hotread/work/learn/MyBlog_Admin
11 silly lifecycle vue-server@1.0.0~build: Args: [ '-c',
11 silly lifecycle   'rimraf dist && npm run build:client && npm run build:server&&npm run build:node&& npm run cpDir &&npm run deploy' ]
12 silly lifecycle vue-server@1.0.0~build: Returned: code: 1  signal: null
13 info lifecycle vue-server@1.0.0~build: Failed to exec build script
14 verbose stack Error: vue-server@1.0.0 build: `rimraf dist && npm run build:client && npm run build:server&&npm run build:node&& npm run cpDir &&npm run deploy`
14 verbose stack Exit status 1
14 verbose stack     at EventEmitter.<anonymous> (/Users/hotread/.nvm/versions/node/v5.7.0/lib/node_modules/npm/lib/utils/lifecycle.js:232:16)
14 verbose stack     at emitTwo (events.js:100:13)
14 verbose stack     at EventEmitter.emit (events.js:185:7)
14 verbose stack     at ChildProcess.<anonymous> (/Users/hotread/.nvm/versions/node/v5.7.0/lib/node_modules/npm/lib/utils/spawn.js:24:14)
14 verbose stack     at emitTwo (events.js:100:13)
14 verbose stack     at ChildProcess.emit (events.js:185:7)
14 verbose stack     at maybeClose (internal/child_process.js:827:16)
14 verbose stack     at Process.ChildProcess._handle.onexit (internal/child_process.js:211:5)
15 verbose pkgid vue-server@1.0.0
16 verbose cwd /Users/hotread/work/learn/MyBlog_Admin
17 error Darwin 16.6.0
18 error argv "/Users/hotread/.nvm/versions/node/v5.7.0/bin/node" "/Users/hotread/.nvm/versions/node/v5.7.0/bin/npm" "run" "build"
19 error node v5.7.0
20 error npm  v3.6.0
21 error code ELIFECYCLE
22 error vue-server@1.0.0 build: `rimraf dist && npm run build:client && npm run build:server&&npm run build:node&& npm run cpDir &&npm run deploy`
22 error Exit status 1
23 error Failed at the vue-server@1.0.0 build script 'rimraf dist && npm run build:client && npm run build:server&&npm run build:node&& npm run cpDir &&npm run deploy'.
23 error Make sure you have the latest version of node.js and npm installed.
23 error If you do, this is most likely a problem with the vue-server package,
23 error not with npm itself.
23 error Tell the author that this fails on your system:
23 error     rimraf dist && npm run build:client && npm run build:server&&npm run build:node&& npm run cpDir &&npm run deploy
23 error You can get information on how to open an issue for this project with:
23 error     npm bugs vue-server
23 error Or if that isn't available, you can get their info via:
23 error     npm owner ls vue-server
23 error There is likely additional logging output above.
24 verbose exit [ 1, true ]
