Error: Cannot find module '../../dist/vue-ssr-server-bundle.json'
    at Function.Module._resolveFilename (module.js:469:15)
    at Function.Module._load (module.js:417:25)
    at Function._load (/Users/hotread/.config/yarn/global/node_modules/pmx/lib/transaction.js:94:21)
    at Module.require (module.js:497:17)
    at require (internal/module.js:20:19)
    at Object.<anonymous> (/Users/hotread/work/learn/vue-server/server/router/index.js:11:22)
    at Module._compile (module.js:570:32)
    at loader (/Users/hotread/work/learn/vue-server/node_modules/babel-register/lib/node.js:144:5)
    at Object.require.extensions.(anonymous function) [as .js] (/Users/hotread/work/learn/vue-server/node_modules/babel-register/lib/node.js:154:7)
    at Module.load (module.js:487:32)
Error: Cannot find module '../../dist/vue-ssr-server-bundle.json'
    at Function.Module._resolveFilename (module.js:469:15)
    at Function.Module._load (module.js:417:25)
    at Function._load (/Users/hotread/.config/yarn/global/node_modules/pmx/lib/transaction.js:94:21)
    at Module.require (module.js:497:17)
    at require (internal/module.js:20:19)
    at Object.<anonymous> (/Users/hotread/work/learn/vue-server/server/router/index.js:11:22)
    at Module._compile (module.js:570:32)
    at loader (/Users/hotread/work/learn/vue-server/node_modules/babel-register/lib/node.js:144:5)
    at Object.require.extensions.(anonymous function) [as .js] (/Users/hotread/work/learn/vue-server/node_modules/babel-register/lib/node.js:154:7)
    at Module.load (module.js:487:32)
Error: Cannot find module '../../dist/vue-ssr-server-bundle.json'
    at Function.Module._resolveFilename (module.js:469:15)
    at Function.Module._load (module.js:417:25)
    at Function._load (/Users/hotread/.config/yarn/global/node_modules/pmx/lib/transaction.js:94:21)
    at Module.require (module.js:497:17)
    at require (internal/module.js:20:19)
    at Object.<anonymous> (/Users/hotread/work/learn/vue-server/server/router/index.js:11:22)
    at Module._compile (module.js:570:32)
    at loader (/Users/hotread/work/learn/vue-server/node_modules/babel-register/lib/node.js:144:5)
    at Object.require.extensions.(anonymous function) [as .js] (/Users/hotread/work/learn/vue-server/node_modules/babel-register/lib/node.js:154:7)
    at Module.load (module.js:487:32)
Error: Cannot find module '../../dist/vue-ssr-server-bundle.json'
    at Function.Module._resolveFilename (module.js:469:15)
    at Function.Module._load (module.js:417:25)
    at Function._load (/Users/hotread/.config/yarn/global/node_modules/pmx/lib/transaction.js:94:21)
    at Module.require (module.js:497:17)
    at require (internal/module.js:20:19)
    at Object.<anonymous> (/Users/hotread/work/learn/vue-server/server/router/index.js:11:22)
    at Module._compile (module.js:570:32)
    at loader (/Users/hotread/work/learn/vue-server/node_modules/babel-register/lib/node.js:144:5)
    at Object.require.extensions.(anonymous function) [as .js] (/Users/hotread/work/learn/vue-server/node_modules/babel-register/lib/node.js:154:7)
    at Module.load (module.js:487:32)
Error: Cannot find module '../../dist/vue-ssr-server-bundle.json'
    at Function.Module._resolveFilename (module.js:469:15)
    at Function.Module._load (module.js:417:25)
    at Function._load (/Users/hotread/.config/yarn/global/node_modules/pmx/lib/transaction.js:94:21)
    at Module.require (module.js:497:17)
    at require (internal/module.js:20:19)
    at Object.<anonymous> (/Users/hotread/work/learn/vue-server/server/router/index.js:11:22)
    at Module._compile (module.js:570:32)
    at loader (/Users/hotread/work/learn/vue-server/node_modules/babel-register/lib/node.js:144:5)
    at Object.require.extensions.(anonymous function) [as .js] (/Users/hotread/work/learn/vue-server/node_modules/babel-register/lib/node.js:154:7)
    at Module.load (module.js:487:32)
Error: Cannot find module '../../dist/vue-ssr-server-bundle.json'
    at Function.Module._resolveFilename (module.js:469:15)
    at Function.Module._load (module.js:417:25)
    at Function._load (/Users/hotread/.config/yarn/global/node_modules/pmx/lib/transaction.js:94:21)
    at Module.require (module.js:497:17)
    at require (internal/module.js:20:19)
    at Object.<anonymous> (/Users/hotread/work/learn/vue-server/server/router/index.js:11:22)
    at Module._compile (module.js:570:32)
    at loader (/Users/hotread/work/learn/vue-server/node_modules/babel-register/lib/node.js:144:5)
    at Object.require.extensions.(anonymous function) [as .js] (/Users/hotread/work/learn/vue-server/node_modules/babel-register/lib/node.js:154:7)
    at Module.load (module.js:487:32)
Error: Cannot find module '../../dist/vue-ssr-server-bundle.json'
    at Function.Module._resolveFilename (module.js:469:15)
    at Function.Module._load (module.js:417:25)
    at Function._load (/Users/hotread/.config/yarn/global/node_modules/pmx/lib/transaction.js:94:21)
    at Module.require (module.js:497:17)
    at require (internal/module.js:20:19)
    at Object.<anonymous> (/Users/hotread/work/learn/vue-server/server/router/index.js:11:22)
    at Module._compile (module.js:570:32)
    at loader (/Users/hotread/work/learn/vue-server/node_modules/babel-register/lib/node.js:144:5)
    at Object.require.extensions.(anonymous function) [as .js] (/Users/hotread/work/learn/vue-server/node_modules/babel-register/lib/node.js:154:7)
    at Module.load (module.js:487:32)
Error: Cannot find module '../../dist/vue-ssr-server-bundle.json'
    at Function.Module._resolveFilename (module.js:469:15)
    at Function.Module._load (module.js:417:25)
    at Function._load (/Users/hotread/.config/yarn/global/node_modules/pmx/lib/transaction.js:94:21)
    at Module.require (module.js:497:17)
    at require (internal/module.js:20:19)
    at Object.<anonymous> (/Users/hotread/work/learn/vue-server/server/router/index.js:11:22)
    at Module._compile (module.js:570:32)
    at loader (/Users/hotread/work/learn/vue-server/node_modules/babel-register/lib/node.js:144:5)
    at Object.require.extensions.(anonymous function) [as .js] (/Users/hotread/work/learn/vue-server/node_modules/babel-register/lib/node.js:154:7)
    at Module.load (module.js:487:32)
Error: Cannot find module '../../dist/vue-ssr-server-bundle.json'
    at Function.Module._resolveFilename (module.js:469:15)
    at Function.Module._load (module.js:417:25)
    at Function._load (/Users/hotread/.config/yarn/global/node_modules/pmx/lib/transaction.js:94:21)
    at Module.require (module.js:497:17)
    at require (internal/module.js:20:19)
    at Object.<anonymous> (/Users/hotread/work/learn/vue-server/server/router/index.js:11:22)
    at Module._compile (module.js:570:32)
    at loader (/Users/hotread/work/learn/vue-server/node_modules/babel-register/lib/node.js:144:5)
    at Object.require.extensions.(anonymous function) [as .js] (/Users/hotread/work/learn/vue-server/node_modules/babel-register/lib/node.js:154:7)
    at Module.load (module.js:487:32)
Error: Cannot find module '../../dist/vue-ssr-server-bundle.json'
    at Function.Module._resolveFilename (module.js:469:15)
    at Function.Module._load (module.js:417:25)
    at Function._load (/Users/hotread/.config/yarn/global/node_modules/pmx/lib/transaction.js:94:21)
    at Module.require (module.js:497:17)
    at require (internal/module.js:20:19)
    at Object.<anonymous> (/Users/hotread/work/learn/vue-server/server/router/index.js:11:22)
    at Module._compile (module.js:570:32)
    at loader (/Users/hotread/work/learn/vue-server/node_modules/babel-register/lib/node.js:144:5)
    at Object.require.extensions.(anonymous function) [as .js] (/Users/hotread/work/learn/vue-server/node_modules/babel-register/lib/node.js:154:7)
    at Module.load (module.js:487:32)
Error: Cannot find module '../../dist/vue-ssr-server-bundle.json'
    at Function.Module._resolveFilename (module.js:469:15)
    at Function.Module._load (module.js:417:25)
    at Function._load (/Users/hotread/.config/yarn/global/node_modules/pmx/lib/transaction.js:94:21)
    at Module.require (module.js:497:17)
    at require (internal/module.js:20:19)
    at Object.<anonymous> (/Users/hotread/work/learn/vue-server/server/router/index.js:11:22)
    at Module._compile (module.js:570:32)
    at loader (/Users/hotread/work/learn/vue-server/node_modules/babel-register/lib/node.js:144:5)
    at Object.require.extensions.(anonymous function) [as .js] (/Users/hotread/work/learn/vue-server/node_modules/babel-register/lib/node.js:154:7)
    at Module.load (module.js:487:32)
Error: Cannot find module '../../dist/vue-ssr-server-bundle.json'
    at Function.Module._resolveFilename (module.js:469:15)
    at Function.Module._load (module.js:417:25)
    at Function._load (/Users/hotread/.config/yarn/global/node_modules/pmx/lib/transaction.js:94:21)
    at Module.require (module.js:497:17)
    at require (internal/module.js:20:19)
    at Object.<anonymous> (/Users/hotread/work/learn/vue-server/server/router/index.js:11:22)
    at Module._compile (module.js:570:32)
    at loader (/Users/hotread/work/learn/vue-server/node_modules/babel-register/lib/node.js:144:5)
    at Object.require.extensions.(anonymous function) [as .js] (/Users/hotread/work/learn/vue-server/node_modules/babel-register/lib/node.js:154:7)
    at Module.load (module.js:487:32)
Error: Cannot find module '../../dist/vue-ssr-server-bundle.json'
    at Function.Module._resolveFilename (module.js:469:15)
    at Function.Module._load (module.js:417:25)
    at Function._load (/Users/hotread/.config/yarn/global/node_modules/pmx/lib/transaction.js:94:21)
    at Module.require (module.js:497:17)
    at require (internal/module.js:20:19)
    at Object.<anonymous> (/Users/hotread/work/learn/vue-server/server/router/index.js:11:22)
    at Module._compile (module.js:570:32)
    at loader (/Users/hotread/work/learn/vue-server/node_modules/babel-register/lib/node.js:144:5)
    at Object.require.extensions.(anonymous function) [as .js] (/Users/hotread/work/learn/vue-server/node_modules/babel-register/lib/node.js:154:7)
    at Module.load (module.js:487:32)
Error: Cannot find module '../../dist/vue-ssr-server-bundle.json'
    at Function.Module._resolveFilename (module.js:469:15)
    at Function.Module._load (module.js:417:25)
    at Function._load (/Users/hotread/.config/yarn/global/node_modules/pmx/lib/transaction.js:94:21)
    at Module.require (module.js:497:17)
    at require (internal/module.js:20:19)
    at Object.<anonymous> (/Users/hotread/work/learn/vue-server/server/router/index.js:11:22)
    at Module._compile (module.js:570:32)
    at loader (/Users/hotread/work/learn/vue-server/node_modules/babel-register/lib/node.js:144:5)
    at Object.require.extensions.(anonymous function) [as .js] (/Users/hotread/work/learn/vue-server/node_modules/babel-register/lib/node.js:154:7)
    at Module.load (module.js:487:32)
Error: Cannot find module '../../dist/vue-ssr-server-bundle.json'
    at Function.Module._resolveFilename (module.js:469:15)
    at Function.Module._load (module.js:417:25)
    at Function._load (/Users/hotread/.config/yarn/global/node_modules/pmx/lib/transaction.js:94:21)
    at Module.require (module.js:497:17)
    at require (internal/module.js:20:19)
    at Object.<anonymous> (/Users/hotread/work/learn/vue-server/server/router/index.js:11:22)
    at Module._compile (module.js:570:32)
    at loader (/Users/hotread/work/learn/vue-server/node_modules/babel-register/lib/node.js:144:5)
    at Object.require.extensions.(anonymous function) [as .js] (/Users/hotread/work/learn/vue-server/node_modules/babel-register/lib/node.js:154:7)
    at Module.load (module.js:487:32)
Error: Cannot find module '../../dist/vue-ssr-server-bundle.json'
    at Function.Module._resolveFilename (module.js:469:15)
    at Function.Module._load (module.js:417:25)
    at Function._load (/Users/hotread/.config/yarn/global/node_modules/pmx/lib/transaction.js:94:21)
    at Module.require (module.js:497:17)
    at require (internal/module.js:20:19)
    at Object.<anonymous> (/Users/hotread/work/learn/vue-server/server/router/index.js:11:22)
    at Module._compile (module.js:570:32)
    at loader (/Users/hotread/work/learn/vue-server/node_modules/babel-register/lib/node.js:144:5)
    at Object.require.extensions.(anonymous function) [as .js] (/Users/hotread/work/learn/vue-server/node_modules/babel-register/lib/node.js:154:7)
    at Module.load (module.js:487:32)
Error: Cannot find module '../../dist/vue-ssr-server-bundle.json'
    at Function.Module._resolveFilename (module.js:469:15)
    at Function.Module._load (module.js:417:25)
    at Function._load (/Users/hotread/.config/yarn/global/node_modules/pmx/lib/transaction.js:94:21)
    at Module.require (module.js:497:17)
    at require (internal/module.js:20:19)
    at Object.<anonymous> (/Users/hotread/work/learn/vue-server/server/router/index.js:11:22)
    at Module._compile (module.js:570:32)
    at loader (/Users/hotread/work/learn/vue-server/node_modules/babel-register/lib/node.js:144:5)
    at Object.require.extensions.(anonymous function) [as .js] (/Users/hotread/work/learn/vue-server/node_modules/babel-register/lib/node.js:154:7)
    at Module.load (module.js:487:32)
Error: Cannot find module '../../dist/vue-ssr-server-bundle.json'
    at Function.Module._resolveFilename (module.js:469:15)
    at Function.Module._load (module.js:417:25)
    at Function._load (/Users/hotread/.config/yarn/global/node_modules/pmx/lib/transaction.js:94:21)
    at Module.require (module.js:497:17)
    at require (internal/module.js:20:19)
    at Object.<anonymous> (/Users/hotread/work/learn/vue-server/server/router/index.js:11:22)
    at Module._compile (module.js:570:32)
    at loader (/Users/hotread/work/learn/vue-server/node_modules/babel-register/lib/node.js:144:5)
    at Object.require.extensions.(anonymous function) [as .js] (/Users/hotread/work/learn/vue-server/node_modules/babel-register/lib/node.js:154:7)
    at Module.load (module.js:487:32)
Error: Cannot find module '../../dist/vue-ssr-server-bundle.json'
    at Function.Module._resolveFilename (module.js:469:15)
    at Function.Module._load (module.js:417:25)
    at Function._load (/Users/hotread/.config/yarn/global/node_modules/pmx/lib/transaction.js:94:21)
    at Module.require (module.js:497:17)
    at require (internal/module.js:20:19)
    at Object.<anonymous> (/Users/hotread/work/learn/vue-server/server/router/index.js:11:22)
    at Module._compile (module.js:570:32)
    at loader (/Users/hotread/work/learn/vue-server/node_modules/babel-register/lib/node.js:144:5)
    at Object.require.extensions.(anonymous function) [as .js] (/Users/hotread/work/learn/vue-server/node_modules/babel-register/lib/node.js:154:7)
    at Module.load (module.js:487:32)
Error: Cannot find module '../../dist/vue-ssr-server-bundle.json'
    at Function.Module._resolveFilename (module.js:469:15)
    at Function.Module._load (module.js:417:25)
    at Function._load (/Users/hotread/.config/yarn/global/node_modules/pmx/lib/transaction.js:94:21)
    at Module.require (module.js:497:17)
    at require (internal/module.js:20:19)
    at Object.<anonymous> (/Users/hotread/work/learn/vue-server/server/router/index.js:11:22)
    at Module._compile (module.js:570:32)
    at loader (/Users/hotread/work/learn/vue-server/node_modules/babel-register/lib/node.js:144:5)
    at Object.require.extensions.(anonymous function) [as .js] (/Users/hotread/work/learn/vue-server/node_modules/babel-register/lib/node.js:154:7)
    at Module.load (module.js:487:32)
Error: Cannot find module '../../dist/vue-ssr-server-bundle.json'
    at Function.Module._resolveFilename (module.js:469:15)
    at Function.Module._load (module.js:417:25)
    at Function._load (/Users/hotread/.config/yarn/global/node_modules/pmx/lib/transaction.js:94:21)
    at Module.require (module.js:497:17)
    at require (internal/module.js:20:19)
    at Object.<anonymous> (/Users/hotread/work/learn/vue-server/server/router/index.js:11:22)
    at Module._compile (module.js:570:32)
    at loader (/Users/hotread/work/learn/vue-server/node_modules/babel-register/lib/node.js:144:5)
    at Object.require.extensions.(anonymous function) [as .js] (/Users/hotread/work/learn/vue-server/node_modules/babel-register/lib/node.js:154:7)
    at Module.load (module.js:487:32)
Error: Cannot find module '../../dist/vue-ssr-server-bundle.json'
    at Function.Module._resolveFilename (module.js:469:15)
    at Function.Module._load (module.js:417:25)
    at Function._load (/Users/hotread/.config/yarn/global/node_modules/pmx/lib/transaction.js:94:21)
    at Module.require (module.js:497:17)
    at require (internal/module.js:20:19)
    at Object.<anonymous> (/Users/hotread/work/learn/vue-server/server/router/index.js:11:22)
    at Module._compile (module.js:570:32)
    at loader (/Users/hotread/work/learn/vue-server/node_modules/babel-register/lib/node.js:144:5)
    at Object.require.extensions.(anonymous function) [as .js] (/Users/hotread/work/learn/vue-server/node_modules/babel-register/lib/node.js:154:7)
    at Module.load (module.js:487:32)
Error: Cannot find module '../../dist/vue-ssr-server-bundle.json'
    at Function.Module._resolveFilename (module.js:469:15)
    at Function.Module._load (module.js:417:25)
    at Function._load (/Users/hotread/.config/yarn/global/node_modules/pmx/lib/transaction.js:94:21)
    at Module.require (module.js:497:17)
    at require (internal/module.js:20:19)
    at Object.<anonymous> (/Users/hotread/work/learn/vue-server/server/router/index.js:11:22)
    at Module._compile (module.js:570:32)
    at loader (/Users/hotread/work/learn/vue-server/node_modules/babel-register/lib/node.js:144:5)
    at Object.require.extensions.(anonymous function) [as .js] (/Users/hotread/work/learn/vue-server/node_modules/babel-register/lib/node.js:154:7)
    at Module.load (module.js:487:32)
Error: Cannot find module '../../dist/vue-ssr-server-bundle.json'
    at Function.Module._resolveFilename (module.js:469:15)
    at Function.Module._load (module.js:417:25)
    at Function._load (/Users/hotread/.config/yarn/global/node_modules/pmx/lib/transaction.js:94:21)
    at Module.require (module.js:497:17)
    at require (internal/module.js:20:19)
    at Object.<anonymous> (/Users/hotread/work/learn/vue-server/server/router/index.js:11:22)
    at Module._compile (module.js:570:32)
    at loader (/Users/hotread/work/learn/vue-server/node_modules/babel-register/lib/node.js:144:5)
    at Object.require.extensions.(anonymous function) [as .js] (/Users/hotread/work/learn/vue-server/node_modules/babel-register/lib/node.js:154:7)
    at Module.load (module.js:487:32)
Error: Cannot find module '../../dist/vue-ssr-server-bundle.json'
    at Function.Module._resolveFilename (module.js:469:15)
    at Function.Module._load (module.js:417:25)
    at Module.require (module.js:497:17)
    at require (internal/module.js:20:19)
    at Object.<anonymous> (/Users/hotread/work/learn/vue-server/server/router/index.js:11:22)
    at Module._compile (module.js:570:32)
    at loader (/Users/hotread/work/learn/vue-server/node_modules/babel-register/lib/node.js:144:5)
    at Object.require.extensions.(anonymous function) [as .js] (/Users/hotread/work/learn/vue-server/node_modules/babel-register/lib/node.js:154:7)
    at Module.load (module.js:487:32)
    at tryModuleLoad (module.js:446:12)
