[2018-01-31 14:25:07.080] [INFO] log_info - GET /weight 200 344ms ::1
[2018-01-31 14:25:07.130] [INFO] log_info - GET /dist/common.c60d6531eb45754b723c.css 200 16ms ::1
[2018-01-31 14:25:07.133] [INFO] log_info - GET /dist/1.f0b3f91fc74cb46d9831.js 200 19ms ::1
[2018-01-31 14:25:07.136] [INFO] log_info - GET /dist/libs.js?a96772463d5388ac4cef 200 31ms ::1
[2018-01-31 14:25:07.142] [INFO] log_info - GET /dist/app.c60d6531eb45754b723c.js 200 27ms ::1
[2018-01-31 14:25:07.324] [INFO] log_info - GET /dist/3.731b511c862bc1eeb260.js 200 3ms ::1
[2018-01-31 14:25:07.325] [INFO] log_info - GET /dist/0.4c7076286b99455b3f81.js 200 5ms ::1
[2018-01-31 14:25:07.325] [INFO] log_info - GET /dist/2.0151a2904933b125d5b9.js 200 5ms ::1
[2018-01-31 14:25:11.798] [INFO] log_info - GET /weight 200 37ms ::1
[2018-01-31 14:25:11.819] [INFO] log_info - GET /dist/libs.js?a96772463d5388ac4cef 304 2ms ::1
[2018-01-31 14:25:11.820] [INFO] log_info - GET /dist/app.c60d6531eb45754b723c.js 304 2ms ::1
[2018-01-31 14:25:11.821] [INFO] log_info - GET /dist/common.c60d6531eb45754b723c.css 304 2ms ::1
[2018-01-31 14:25:11.821] [INFO] log_info - GET /dist/1.f0b3f91fc74cb46d9831.js 304 1ms ::1
[2018-01-31 14:25:12.004] [INFO] log_info - GET /dist/0.4c7076286b99455b3f81.js 304 1ms ::1
[2018-01-31 14:25:12.005] [INFO] log_info - GET /dist/2.0151a2904933b125d5b9.js 304 1ms ::1
[2018-01-31 14:25:12.006] [INFO] log_info - GET /dist/3.731b511c862bc1eeb260.js 304 1ms ::1
[2018-01-31 14:27:18.233] [INFO] log_info - GET /weight 200 326ms ::1
[2018-01-31 14:27:18.285] [INFO] log_info - GET /dist/common.c60d6531eb45754b723c.css 200 17ms ::1
[2018-01-31 14:27:18.287] [INFO] log_info - GET /dist/1.f0b3f91fc74cb46d9831.js 200 18ms ::1
[2018-01-31 14:27:18.292] [INFO] log_info - GET /dist/libs.js?a96772463d5388ac4cef 200 32ms ::1
[2018-01-31 14:27:18.296] [INFO] log_info - GET /dist/app.c60d6531eb45754b723c.js 200 34ms ::1
[2018-01-31 14:27:18.519] [INFO] log_info - GET /dist/0.4c7076286b99455b3f81.js 200 4ms ::1
[2018-01-31 14:27:18.520] [INFO] log_info - GET /dist/2.0151a2904933b125d5b9.js 200 4ms ::1
[2018-01-31 14:27:18.520] [INFO] log_info - GET /dist/3.731b511c862bc1eeb260.js 200 3ms ::1
[2018-01-31 14:27:22.501] [INFO] log_info - GET /weight 200 41ms ::1
[2018-01-31 14:27:22.522] [INFO] log_info - GET /dist/libs.js?a96772463d5388ac4cef 304 2ms ::1
[2018-01-31 14:27:22.523] [INFO] log_info - GET /dist/app.c60d6531eb45754b723c.js 304 1ms ::1
[2018-01-31 14:27:22.528] [INFO] log_info - GET /dist/common.c60d6531eb45754b723c.css 304 2ms ::1
[2018-01-31 14:27:22.528] [INFO] log_info - GET /dist/1.f0b3f91fc74cb46d9831.js 304 1ms ::1
[2018-01-31 14:27:22.724] [INFO] log_info - GET /dist/0.4c7076286b99455b3f81.js 304 1ms ::1
[2018-01-31 14:27:22.724] [INFO] log_info - GET /dist/2.0151a2904933b125d5b9.js 304 1ms ::1
[2018-01-31 14:27:22.725] [INFO] log_info - GET /dist/3.731b511c862bc1eeb260.js 304 2ms ::1
[2018-01-31 14:27:24.794] [INFO] log_info - GET /weight 200 70ms ::1
[2018-01-31 14:27:24.825] [INFO] log_info - GET /dist/libs.js?a96772463d5388ac4cef 304 0ms ::1
[2018-01-31 14:27:24.828] [INFO] log_info - GET /dist/app.c60d6531eb45754b723c.js 304 2ms ::1
[2018-01-31 14:27:24.828] [INFO] log_info - GET /dist/common.c60d6531eb45754b723c.css 304 2ms ::1
[2018-01-31 14:27:24.829] [INFO] log_info - GET /dist/1.f0b3f91fc74cb46d9831.js 304 2ms ::1
[2018-01-31 14:27:25.012] [INFO] log_info - GET /dist/0.4c7076286b99455b3f81.js 304 11ms ::1
[2018-01-31 14:27:25.013] [INFO] log_info - GET /dist/2.0151a2904933b125d5b9.js 304 12ms ::1
[2018-01-31 14:27:25.013] [INFO] log_info - GET /dist/3.731b511c862bc1eeb260.js 304 12ms ::1
[2018-01-31 14:27:54.273] [INFO] log_info - GET /weight 200 325ms ::1
[2018-01-31 14:27:54.322] [INFO] log_info - GET /dist/common.c60d6531eb45754b723c.css 200 16ms ::1
[2018-01-31 14:27:54.325] [INFO] log_info - GET /dist/1.f0b3f91fc74cb46d9831.js 200 17ms ::1
[2018-01-31 14:27:54.328] [INFO] log_info - GET /dist/libs.js?a96772463d5388ac4cef 200 30ms ::1
[2018-01-31 14:27:54.332] [INFO] log_info - GET /dist/app.c60d6531eb45754b723c.js 200 32ms ::1
[2018-01-31 14:27:54.513] [INFO] log_info - GET /dist/0.4c7076286b99455b3f81.js 200 3ms ::1
[2018-01-31 14:27:54.514] [INFO] log_info - GET /dist/3.731b511c862bc1eeb260.js 200 3ms ::1
[2018-01-31 14:27:54.514] [INFO] log_info - GET /dist/2.0151a2904933b125d5b9.js 200 4ms ::1
[2018-01-31 14:29:16.219] [INFO] log_info - GET /weight 200 329ms ::1
[2018-01-31 14:29:16.267] [INFO] log_info - GET /dist/common.c60d6531eb45754b723c.css 200 16ms ::1
[2018-01-31 14:29:16.269] [INFO] log_info - GET /dist/1.f0b3f91fc74cb46d9831.js 200 18ms ::1
[2018-01-31 14:29:16.272] [INFO] log_info - GET /dist/libs.js?a96772463d5388ac4cef 200 29ms ::1
[2018-01-31 14:29:16.278] [INFO] log_info - GET /dist/app.c60d6531eb45754b723c.js 200 27ms ::1
[2018-01-31 14:29:16.489] [INFO] log_info - GET /dist/0.4c7076286b99455b3f81.js 200 3ms ::1
[2018-01-31 14:29:16.490] [INFO] log_info - GET /dist/3.731b511c862bc1eeb260.js 200 3ms ::1
[2018-01-31 14:29:16.490] [INFO] log_info - GET /dist/2.0151a2904933b125d5b9.js 200 3ms ::1
[2018-01-31 14:29:19.434] [INFO] log_info - GET /weight 200 45ms ::1
[2018-01-31 14:29:19.472] [INFO] log_info - GET /dist/libs.js?a96772463d5388ac4cef 304 1ms ::1
[2018-01-31 14:29:19.476] [INFO] log_info - GET /dist/app.c60d6531eb45754b723c.js 304 2ms ::1
[2018-01-31 14:29:19.484] [INFO] log_info - GET /dist/common.c60d6531eb45754b723c.css 304 11ms ::1
[2018-01-31 14:29:19.485] [INFO] log_info - GET /dist/1.f0b3f91fc74cb46d9831.js 304 10ms ::1
[2018-01-31 14:29:19.651] [INFO] log_info - GET /dist/0.4c7076286b99455b3f81.js 304 2ms ::1
[2018-01-31 14:29:19.653] [INFO] log_info - GET /dist/2.0151a2904933b125d5b9.js 304 1ms ::1
[2018-01-31 14:29:19.653] [INFO] log_info - GET /dist/3.731b511c862bc1eeb260.js 304 1ms ::1
[2018-02-01 18:40:52.378] [INFO] log_info - GET /dist/libs.js?a96772463d5388ac4cef 200 62ms
[2018-02-01 18:40:52.387] [INFO] log_info - GET /dist/app.c60d6531eb45754b723c.js 304 3ms
[2018-02-01 18:40:52.398] [INFO] log_info - GET /dist/common.c60d6531eb45754b723c.css 304 2ms
[2018-02-01 18:40:52.406] [INFO] log_info - GET /dist/1.f0b3f91fc74cb46d9831.js 304 2ms
[2018-02-01 18:40:52.412] [INFO] log_info - GET /dist/1.f0b3f91fc74cb46d9831.js 304 1ms
[2018-02-01 18:40:52.615] [INFO] log_info - GET /dist/0.4c7076286b99455b3f81.js 304 2ms
[2018-02-01 18:40:52.615] [INFO] log_info - GET /dist/2.0151a2904933b125d5b9.js 304 1ms
[2018-02-01 18:40:52.616] [INFO] log_info - GET /dist/3.731b511c862bc1eeb260.js 304 2ms
[2018-02-01 18:40:52.787] [INFO] log_info - GET /dist/libs.js.map?009df466879d7c776493 200 32ms
[2018-02-01 18:40:58.028] [INFO] log_info - GET /weight 200 627ms
[2018-02-01 18:40:58.065] [INFO] log_info - GET /dist/1.a6759bd2d31e992bba0d.js 200 9ms
[2018-02-01 18:40:58.091] [INFO] log_info - GET /dist/libs.js?009df466879d7c776493 200 37ms
[2018-02-01 18:40:58.095] [INFO] log_info - GET /dist/app.6e526a32ae25e069af35.js 200 40ms
[2018-02-01 18:40:58.294] [INFO] log_info - GET /dist/3.2d8588cb141391ae30ac.js 200 26ms
[2018-02-01 18:40:58.295] [INFO] log_info - GET /dist/2.dd2fbe616f4cae679d1b.js 200 28ms
[2018-02-01 18:40:58.295] [INFO] log_info - GET /dist/0.d07a3a8cf5d0d8e76f8f.js 200 29ms
[2018-02-01 18:40:58.472] [INFO] log_info - GET /dist/libs.js.map?009df466879d7c776493 304 1ms
[2018-02-01 18:40:58.485] [INFO] log_info - GET /dist/1.a6759bd2d31e992bba0d.js.map 200 12ms
[2018-02-01 18:40:58.513] [INFO] log_info - GET /dist/app.6e526a32ae25e069af35.js.map 200 38ms
[2018-02-01 18:41:10.753] [INFO] log_info - GET /weight 200 111ms
[2018-02-01 18:41:10.775] [INFO] log_info - GET /dist/libs.js?009df466879d7c776493 304 3ms
[2018-02-01 18:41:10.776] [INFO] log_info - GET /dist/app.6e526a32ae25e069af35.js 304 2ms
[2018-02-01 18:41:10.777] [INFO] log_info - GET /dist/1.a6759bd2d31e992bba0d.js 304 3ms
[2018-02-01 18:41:10.980] [INFO] log_info - GET /dist/0.d07a3a8cf5d0d8e76f8f.js 304 1ms
[2018-02-01 18:41:10.984] [INFO] log_info - GET /dist/2.dd2fbe616f4cae679d1b.js 304 0ms
[2018-02-01 18:41:10.984] [INFO] log_info - GET /dist/3.2d8588cb141391ae30ac.js 304 1ms
[2018-02-01 18:41:11.190] [INFO] log_info - GET /dist/libs.js.map?009df466879d7c776493 304 1ms
[2018-02-01 18:41:11.192] [INFO] log_info - GET /dist/1.a6759bd2d31e992bba0d.js.map 304 3ms
[2018-02-01 18:41:11.193] [INFO] log_info - GET /dist/app.6e526a32ae25e069af35.js.map 304 3ms
[2018-02-01 18:43:26.484] [INFO] log_info - GET /weight 200 66ms
[2018-02-01 18:43:26.516] [INFO] log_info - GET /dist/libs.js?009df466879d7c776493 304 5ms
[2018-02-01 18:43:26.517] [INFO] log_info - GET /dist/app.6e526a32ae25e069af35.js 304 3ms
[2018-02-01 18:43:26.518] [INFO] log_info - GET /dist/1.a6759bd2d31e992bba0d.js 304 2ms
[2018-02-01 18:43:26.733] [INFO] log_info - GET /dist/0.d07a3a8cf5d0d8e76f8f.js 304 2ms
[2018-02-01 18:43:26.734] [INFO] log_info - GET /dist/2.dd2fbe616f4cae679d1b.js 304 2ms
[2018-02-01 18:43:26.735] [INFO] log_info - GET /dist/3.2d8588cb141391ae30ac.js 304 3ms
[2018-02-01 18:43:26.944] [INFO] log_info - GET /dist/libs.js.map?009df466879d7c776493 304 2ms
[2018-02-01 18:43:26.944] [INFO] log_info - GET /dist/1.a6759bd2d31e992bba0d.js.map 304 1ms
[2018-02-01 18:43:26.945] [INFO] log_info - GET /dist/app.6e526a32ae25e069af35.js.map 304 2ms
[2018-02-01 18:43:29.936] [INFO] log_info - GET /weight 200 55ms
[2018-02-01 18:43:29.960] [INFO] log_info - GET /dist/libs.js?009df466879d7c776493 304 2ms
[2018-02-01 18:43:29.960] [INFO] log_info - GET /dist/app.6e526a32ae25e069af35.js 304 2ms
[2018-02-01 18:43:29.961] [INFO] log_info - GET /dist/1.a6759bd2d31e992bba0d.js 304 2ms
[2018-02-01 18:43:30.156] [INFO] log_info - GET /dist/0.d07a3a8cf5d0d8e76f8f.js 304 1ms
[2018-02-01 18:43:30.157] [INFO] log_info - GET /dist/2.dd2fbe616f4cae679d1b.js 304 2ms
[2018-02-01 18:43:30.158] [INFO] log_info - GET /dist/3.2d8588cb141391ae30ac.js 304 2ms
[2018-02-01 18:43:30.375] [INFO] log_info - GET /dist/libs.js.map?009df466879d7c776493 304 1ms
[2018-02-01 18:43:30.376] [INFO] log_info - GET /dist/1.a6759bd2d31e992bba0d.js.map 304 1ms
[2018-02-01 18:43:30.377] [INFO] log_info - GET /dist/app.6e526a32ae25e069af35.js.map 304 1ms
[2018-02-01 18:46:46.058] [INFO] log_info - GET /weight 200 400ms
[2018-02-01 18:46:46.109] [INFO] log_info - GET /dist/common.d9a132328a44130fb8d4.css 200 17ms
[2018-02-01 18:46:46.111] [INFO] log_info - GET /dist/1.62ea17d3b2007ecc892a.js 200 19ms
[2018-02-01 18:46:46.116] [INFO] log_info - GET /dist/libs.js?39bee4a4ae651fd16010 200 32ms
[2018-02-01 18:46:46.121] [INFO] log_info - GET /dist/app.d9a132328a44130fb8d4.js 200 30ms
[2018-02-01 18:46:46.297] [INFO] log_info - GET /dist/0.4c7076286b99455b3f81.js 200 5ms
[2018-02-01 18:46:46.299] [INFO] log_info - GET /dist/2.0151a2904933b125d5b9.js 200 5ms
[2018-02-01 18:46:46.299] [INFO] log_info - GET /dist/3.731b511c862bc1eeb260.js 200 3ms
[2018-02-01 18:47:11.226] [INFO] log_info - GET /weight 200 55ms
[2018-02-01 18:47:11.275] [INFO] log_info - GET /dist/libs.js?39bee4a4ae651fd16010 304 1ms
[2018-02-01 18:47:11.280] [INFO] log_info - GET /dist/app.d9a132328a44130fb8d4.js 304 4ms
[2018-02-01 18:47:11.282] [INFO] log_info - GET /dist/common.d9a132328a44130fb8d4.css 304 4ms
[2018-02-01 18:47:11.282] [INFO] log_info - GET /dist/1.62ea17d3b2007ecc892a.js 304 4ms
[2018-02-01 18:47:11.483] [INFO] log_info - GET /dist/0.4c7076286b99455b3f81.js 304 2ms
[2018-02-01 18:47:11.485] [INFO] log_info - GET /dist/2.0151a2904933b125d5b9.js 304 3ms
[2018-02-01 18:47:11.485] [INFO] log_info - GET /dist/3.731b511c862bc1eeb260.js 304 3ms
[2018-02-01 18:47:12.473] [INFO] log_info - GET /weight 200 59ms
[2018-02-01 18:47:12.497] [INFO] log_info - GET /dist/libs.js?39bee4a4ae651fd16010 304 1ms
[2018-02-01 18:47:12.497] [INFO] log_info - GET /dist/app.d9a132328a44130fb8d4.js 304 2ms
[2018-02-01 18:47:12.498] [INFO] log_info - GET /dist/common.d9a132328a44130fb8d4.css 304 2ms
[2018-02-01 18:47:12.499] [INFO] log_info - GET /dist/1.62ea17d3b2007ecc892a.js 304 0ms
[2018-02-01 18:47:12.704] [INFO] log_info - GET /dist/0.4c7076286b99455b3f81.js 304 0ms
[2018-02-01 18:47:12.706] [INFO] log_info - GET /dist/2.0151a2904933b125d5b9.js 304 2ms
[2018-02-01 18:47:12.707] [INFO] log_info - GET /dist/3.731b511c862bc1eeb260.js 304 2ms
[2018-02-23 15:04:10.662] [ERROR] log_info - ReferenceError: host is not defined
    at Object.<anonymous> (src/api/index.js:6:4)
    at __webpack_require__ (webpack:/webpack/bootstrap 2574b4383bad7569d41c:25:0)
    at Object.<anonymous> (src/store/modules/index.js:6:0)
    at __webpack_require__ (webpack:/webpack/bootstrap 2574b4383bad7569d41c:25:0)
    at Object.module.exports.Object.defineProperty.value (src/store/index.js:6:0)
    at __webpack_require__ (webpack:/webpack/bootstrap 2574b4383bad7569d41c:25:0)
    at Object.module.exports.Object.defineProperty.value (src/app.js:10:0)
    at __webpack_require__ (webpack:/webpack/bootstrap 2574b4383bad7569d41c:25:0)
    at Object.<anonymous> (src/entry-server.js:5:0)
    at __webpack_require__ (webpack:/webpack/bootstrap 2574b4383bad7569d41c:25:0)
[2018-02-23 15:04:11.293] [ERROR] log_info - ReferenceError: host is not defined
    at Object.<anonymous> (src/api/index.js:6:4)
    at __webpack_require__ (webpack:/webpack/bootstrap 2574b4383bad7569d41c:25:0)
    at Object.<anonymous> (src/store/modules/index.js:6:0)
    at __webpack_require__ (webpack:/webpack/bootstrap 2574b4383bad7569d41c:25:0)
    at Object.module.exports.Object.defineProperty.value (src/store/index.js:6:0)
    at __webpack_require__ (webpack:/webpack/bootstrap 2574b4383bad7569d41c:25:0)
    at Object.module.exports.Object.defineProperty.value (src/app.js:10:0)
    at __webpack_require__ (webpack:/webpack/bootstrap 2574b4383bad7569d41c:25:0)
    at Object.<anonymous> (src/entry-server.js:5:0)
    at __webpack_require__ (webpack:/webpack/bootstrap 2574b4383bad7569d41c:25:0)
[2018-02-23 15:04:34.660] [ERROR] log_info - Error: Cannot find module "../../../config"
    at webpackMissingModule (src/api/index.js:5:0)
    at Object.<anonymous> (src/api/index.js:5:0)
    at __webpack_require__ (webpack:/webpack/bootstrap 455d434edba1a65a3741:25:0)
    at Object.<anonymous> (src/store/modules/index.js:6:0)
    at __webpack_require__ (webpack:/webpack/bootstrap 455d434edba1a65a3741:25:0)
    at Object.module.exports.Object.defineProperty.value (src/store/index.js:6:0)
    at __webpack_require__ (webpack:/webpack/bootstrap 455d434edba1a65a3741:25:0)
    at Object.module.exports.Object.defineProperty.value (src/app.js:10:0)
    at __webpack_require__ (webpack:/webpack/bootstrap 455d434edba1a65a3741:25:0)
    at Object.<anonymous> (src/entry-server.js:5:0)
[2018-02-23 15:04:35.087] [ERROR] log_info - Error: Cannot find module "../../../config"
    at webpackMissingModule (src/api/index.js:5:0)
    at Object.<anonymous> (src/api/index.js:5:0)
    at __webpack_require__ (webpack:/webpack/bootstrap 455d434edba1a65a3741:25:0)
    at Object.<anonymous> (src/store/modules/index.js:6:0)
    at __webpack_require__ (webpack:/webpack/bootstrap 455d434edba1a65a3741:25:0)
    at Object.module.exports.Object.defineProperty.value (src/store/index.js:6:0)
    at __webpack_require__ (webpack:/webpack/bootstrap 455d434edba1a65a3741:25:0)
    at Object.module.exports.Object.defineProperty.value (src/app.js:10:0)
    at __webpack_require__ (webpack:/webpack/bootstrap 455d434edba1a65a3741:25:0)
    at Object.<anonymous> (src/entry-server.js:5:0)
[2018-02-23 15:24:11.923] [ERROR] log_info - TypeError: Cannot read property 'asyncData' of undefined
    at server-bundle.js:432:30
    at Array.map (native)
    at server-bundle.js:431:41
    at AbstractHistory.onReady (/Users/hotread/work/learn/vue-server/node_modules/vue-router/dist/vue-router.common.js:1786:5)
    at VueRouter.onReady (/Users/hotread/work/learn/vue-server/node_modules/vue-router/dist/vue-router.common.js:2410:16)
    at server-bundle.js:426:16
    at Promise.F (/Users/hotread/work/learn/vue-server/node_modules/core-js/library/modules/_export.js:35:28)
    at module.exports.exports.default (src/entry-server.js:7:10)
    at /Users/hotread/work/learn/vue-server/node_modules/vue-server-renderer/build.js:5894:15
    at /Users/hotread/work/learn/vue-server/node_modules/vue-server-renderer/build.js:5870:14
[2018-02-23 15:24:12.654] [ERROR] log_info - TypeError: Cannot read property 'asyncData' of undefined
    at server-bundle.js:432:30
    at Array.map (native)
    at server-bundle.js:431:41
    at AbstractHistory.onReady (/Users/hotread/work/learn/vue-server/node_modules/vue-router/dist/vue-router.common.js:1786:5)
    at VueRouter.onReady (/Users/hotread/work/learn/vue-server/node_modules/vue-router/dist/vue-router.common.js:2410:16)
    at server-bundle.js:426:16
    at Promise.F (/Users/hotread/work/learn/vue-server/node_modules/core-js/library/modules/_export.js:35:28)
    at module.exports.exports.default (src/entry-server.js:7:10)
    at /Users/hotread/work/learn/vue-server/node_modules/vue-server-renderer/build.js:5894:15
    at /Users/hotread/work/learn/vue-server/node_modules/vue-server-renderer/build.js:5870:14
[2018-02-23 15:24:13.151] [ERROR] log_info - TypeError: Cannot read property 'asyncData' of undefined
    at server-bundle.js:432:30
    at Array.map (native)
    at server-bundle.js:431:41
    at AbstractHistory.onReady (/Users/hotread/work/learn/vue-server/node_modules/vue-router/dist/vue-router.common.js:1786:5)
    at VueRouter.onReady (/Users/hotread/work/learn/vue-server/node_modules/vue-router/dist/vue-router.common.js:2410:16)
    at server-bundle.js:426:16
    at Promise.F (/Users/hotread/work/learn/vue-server/node_modules/core-js/library/modules/_export.js:35:28)
    at module.exports.exports.default (src/entry-server.js:7:10)
    at /Users/hotread/work/learn/vue-server/node_modules/vue-server-renderer/build.js:5894:15
    at /Users/hotread/work/learn/vue-server/node_modules/vue-server-renderer/build.js:5870:14
[2018-02-23 15:25:00.254] [ERROR] log_info - TypeError: Cannot read property 'asyncData' of undefined
    at server-bundle.js:426:30
    at Array.map (native)
    at server-bundle.js:425:41
    at AbstractHistory.onReady (/Users/hotread/work/learn/vue-server/node_modules/vue-router/dist/vue-router.common.js:1786:5)
    at VueRouter.onReady (/Users/hotread/work/learn/vue-server/node_modules/vue-router/dist/vue-router.common.js:2410:16)
    at server-bundle.js:420:16
    at Promise.F (/Users/hotread/work/learn/vue-server/node_modules/core-js/library/modules/_export.js:35:28)
    at module.exports.exports.default (src/entry-server.js:7:10)
    at /Users/hotread/work/learn/vue-server/node_modules/vue-server-renderer/build.js:5894:15
    at /Users/hotread/work/learn/vue-server/node_modules/vue-server-renderer/build.js:5870:14
[2018-02-23 15:25:00.845] [ERROR] log_info - TypeError: Cannot read property 'asyncData' of undefined
    at server-bundle.js:426:30
    at Array.map (native)
    at server-bundle.js:425:41
    at AbstractHistory.onReady (/Users/hotread/work/learn/vue-server/node_modules/vue-router/dist/vue-router.common.js:1786:5)
    at VueRouter.onReady (/Users/hotread/work/learn/vue-server/node_modules/vue-router/dist/vue-router.common.js:2410:16)
    at server-bundle.js:420:16
    at Promise.F (/Users/hotread/work/learn/vue-server/node_modules/core-js/library/modules/_export.js:35:28)
    at module.exports.exports.default (src/entry-server.js:7:10)
    at /Users/hotread/work/learn/vue-server/node_modules/vue-server-renderer/build.js:5894:15
    at /Users/hotread/work/learn/vue-server/node_modules/vue-server-renderer/build.js:5870:14
[2018-02-23 15:25:38.078] [ERROR] log_info - TypeError: Cannot read property 'asyncData' of undefined
    at server-bundle.js:426:30
    at Array.map (native)
    at server-bundle.js:425:41
    at AbstractHistory.onReady (/Users/hotread/work/learn/vue-server/node_modules/vue-router/dist/vue-router.common.js:1786:5)
    at VueRouter.onReady (/Users/hotread/work/learn/vue-server/node_modules/vue-router/dist/vue-router.common.js:2410:16)
    at server-bundle.js:420:16
    at Promise.F (/Users/hotread/work/learn/vue-server/node_modules/core-js/library/modules/_export.js:35:28)
    at module.exports.exports.default (src/entry-server.js:7:10)
    at /Users/hotread/work/learn/vue-server/node_modules/vue-server-renderer/build.js:5894:15
    at /Users/hotread/work/learn/vue-server/node_modules/vue-server-renderer/build.js:5870:14
[2018-02-23 15:26:26.619] [ERROR] log_info - TypeError: Cannot read property 'asyncData' of undefined
    at server-bundle.js:427:30
    at Array.map (native)
    at server-bundle.js:425:41
    at AbstractHistory.onReady (/Users/hotread/work/learn/vue-server/node_modules/vue-router/dist/vue-router.common.js:1786:5)
    at VueRouter.onReady (/Users/hotread/work/learn/vue-server/node_modules/vue-router/dist/vue-router.common.js:2410:16)
    at server-bundle.js:420:16
    at Promise.F (/Users/hotread/work/learn/vue-server/node_modules/core-js/library/modules/_export.js:35:28)
    at module.exports.exports.default (src/entry-server.js:7:10)
    at /Users/hotread/work/learn/vue-server/node_modules/vue-server-renderer/build.js:5894:15
    at /Users/hotread/work/learn/vue-server/node_modules/vue-server-renderer/build.js:5870:14
[2018-02-23 15:45:03.222] [ERROR] log_info - Error: render function or template not defined in component: anonymous
    at normalizeRender (/Users/hotread/work/learn/vue-server/node_modules/vue-server-renderer/build.js:5413:13)
    at renderComponentInner (/Users/hotread/work/learn/vue-server/node_modules/vue-server-renderer/build.js:5535:3)
    at renderComponent (/Users/hotread/work/learn/vue-server/node_modules/vue-server-renderer/build.js:5506:5)
    at renderNode (/Users/hotread/work/learn/vue-server/node_modules/vue-server-renderer/build.js:5422:5)
    at renderComponentInner (/Users/hotread/work/learn/vue-server/node_modules/vue-server-renderer/build.js:5542:3)
    at renderComponent (/Users/hotread/work/learn/vue-server/node_modules/vue-server-renderer/build.js:5506:5)
    at renderNode (/Users/hotread/work/learn/vue-server/node_modules/vue-server-renderer/build.js:5422:5)
    at renderComponentInner (/Users/hotread/work/learn/vue-server/node_modules/vue-server-renderer/build.js:5542:3)
    at renderComponent (/Users/hotread/work/learn/vue-server/node_modules/vue-server-renderer/build.js:5506:5)
    at RenderContext.renderNode (/Users/hotread/work/learn/vue-server/node_modules/vue-server-renderer/build.js:5422:5)
[2018-02-23 15:45:04.609] [ERROR] log_info - Error: render function or template not defined in component: anonymous
    at normalizeRender (/Users/hotread/work/learn/vue-server/node_modules/vue-server-renderer/build.js:5413:13)
    at renderComponentInner (/Users/hotread/work/learn/vue-server/node_modules/vue-server-renderer/build.js:5535:3)
    at renderComponent (/Users/hotread/work/learn/vue-server/node_modules/vue-server-renderer/build.js:5506:5)
    at renderNode (/Users/hotread/work/learn/vue-server/node_modules/vue-server-renderer/build.js:5422:5)
    at renderComponentInner (/Users/hotread/work/learn/vue-server/node_modules/vue-server-renderer/build.js:5542:3)
    at renderComponent (/Users/hotread/work/learn/vue-server/node_modules/vue-server-renderer/build.js:5506:5)
    at renderNode (/Users/hotread/work/learn/vue-server/node_modules/vue-server-renderer/build.js:5422:5)
    at renderComponentInner (/Users/hotread/work/learn/vue-server/node_modules/vue-server-renderer/build.js:5542:3)
    at renderComponent (/Users/hotread/work/learn/vue-server/node_modules/vue-server-renderer/build.js:5506:5)
    at RenderContext.renderNode (/Users/hotread/work/learn/vue-server/node_modules/vue-server-renderer/build.js:5422:5)
[2018-02-23 15:46:52.219] [ERROR] log_info - Error: Cannot find module "nprogress/nprogress.css"
    at webpackMissingModule (src/util/fetch.js:5:8)
    at Object.<anonymous> (src/util/fetch.js:5:8)
    at __webpack_require__ (webpack:/webpack/bootstrap 3b224f0ebd15c273fe02:25:0)
    at Object.module.exports.Object.defineProperty.value (src/api/index.js:4:0)
    at __webpack_require__ (webpack:/webpack/bootstrap 3b224f0ebd15c273fe02:25:0)
    at Object.<anonymous> (src/store/modules/index.js:6:0)
    at __webpack_require__ (webpack:/webpack/bootstrap 3b224f0ebd15c273fe02:25:0)
    at Object.module.exports.Object.defineProperty.value (src/store/index.js:6:0)
    at __webpack_require__ (webpack:/webpack/bootstrap 3b224f0ebd15c273fe02:25:0)
    at Object.module.exports.Object.defineProperty.value (src/app.js:10:0)
[2018-02-23 15:48:58.449] [INFO] log_info - GET / 200 309ms
[2018-02-23 15:48:58.505] [INFO] log_info - GET /robots.txt 200 48ms
[2018-02-23 15:48:58.523] [INFO] log_info - GET /data 200 7ms
[2018-02-23 15:48:58.540] [INFO] log_info - GET /dist/0.f1b5b23cfb8bca937a57.js 200 10ms
[2018-02-23 15:48:58.543] [INFO] log_info - GET /dist/common.3b9a74e2558ed9a12755.css 200 12ms
[2018-02-23 15:48:58.548] [INFO] log_info - GET /dist/libs.js?26a17f589b8e9504126f 200 39ms
[2018-02-23 15:48:58.550] [INFO] log_info - GET /dist/app.3b9a74e2558ed9a12755.js 200 38ms
[2018-02-23 15:48:58.683] [INFO] log_info - GET /dist/1.9094d56b8884ad4dc09f.js 200 4ms
[2018-02-23 15:48:58.860] [INFO] log_info - GET /data 200 3ms
[2018-02-23 15:48:59.558] [INFO] log_info - GET / 200 52ms
[2018-02-23 15:48:59.561] [INFO] log_info - GET /data 200 1ms
[2018-02-23 15:48:59.582] [INFO] log_info - GET /dist/libs.js?26a17f589b8e9504126f 304 2ms
[2018-02-23 15:48:59.583] [INFO] log_info - GET /dist/app.3b9a74e2558ed9a12755.js 304 2ms
[2018-02-23 15:48:59.584] [INFO] log_info - GET /dist/common.3b9a74e2558ed9a12755.css 304 3ms
[2018-02-23 15:48:59.585] [INFO] log_info - GET /dist/0.f1b5b23cfb8bca937a57.js 304 1ms
[2018-02-23 15:48:59.777] [INFO] log_info - GET /dist/1.9094d56b8884ad4dc09f.js 304 0ms
[2018-02-23 15:49:00.695] [INFO] log_info - GET / 200 39ms
[2018-02-23 15:49:00.698] [INFO] log_info - GET /data 200 1ms
[2018-02-23 15:49:00.719] [INFO] log_info - GET /dist/libs.js?26a17f589b8e9504126f 304 2ms
[2018-02-23 15:49:00.719] [INFO] log_info - GET /dist/app.3b9a74e2558ed9a12755.js 304 2ms
[2018-02-23 15:49:00.720] [INFO] log_info - GET /dist/common.3b9a74e2558ed9a12755.css 304 2ms
[2018-02-23 15:49:00.720] [INFO] log_info - GET /dist/0.f1b5b23cfb8bca937a57.js 304 2ms
[2018-02-23 15:49:00.918] [INFO] log_info - GET /dist/1.9094d56b8884ad4dc09f.js 304 1ms
[2018-02-23 15:50:32.682] [INFO] log_info - GET / 200 253ms
[2018-02-23 15:50:32.695] [INFO] log_info - GET /data 200 7ms
[2018-02-23 15:50:32.730] [INFO] log_info - GET /dist/common.3b9a74e2558ed9a12755.css 200 21ms
[2018-02-23 15:50:32.732] [INFO] log_info - GET /dist/0.f1b5b23cfb8bca937a57.js 200 20ms
[2018-02-23 15:50:32.739] [INFO] log_info - GET /dist/libs.js?26a17f589b8e9504126f 200 34ms
[2018-02-23 15:50:32.741] [INFO] log_info - GET /dist/app.3b9a74e2558ed9a12755.js 200 32ms
[2018-02-23 15:50:32.940] [INFO] log_info - GET /dist/1.9094d56b8884ad4dc09f.js 200 2ms
[2018-02-23 15:50:38.096] [INFO] log_info - GET / 200 50ms
[2018-02-23 15:50:38.099] [INFO] log_info - GET /data 200 1ms
[2018-02-23 15:50:38.117] [INFO] log_info - GET /dist/libs.js?26a17f589b8e9504126f 304 1ms
[2018-02-23 15:50:38.120] [INFO] log_info - GET /dist/app.3b9a74e2558ed9a12755.js 304 2ms
[2018-02-23 15:50:38.121] [INFO] log_info - GET /dist/common.3b9a74e2558ed9a12755.css 304 2ms
[2018-02-23 15:50:38.121] [INFO] log_info - GET /dist/0.f1b5b23cfb8bca937a57.js 304 3ms
[2018-02-23 15:50:38.319] [INFO] log_info - GET /dist/1.9094d56b8884ad4dc09f.js 304 0ms
[2018-02-23 15:50:41.251] [INFO] log_info - GET / 200 27ms
[2018-02-23 15:50:41.253] [INFO] log_info - GET /data 200 2ms
[2018-02-23 15:50:41.276] [INFO] log_info - GET /dist/libs.js?26a17f589b8e9504126f 304 1ms
[2018-02-23 15:50:41.277] [INFO] log_info - GET /dist/app.3b9a74e2558ed9a12755.js 304 2ms
[2018-02-23 15:50:41.278] [INFO] log_info - GET /dist/common.3b9a74e2558ed9a12755.css 304 1ms
[2018-02-23 15:50:41.279] [INFO] log_info - GET /dist/0.f1b5b23cfb8bca937a57.js 304 2ms
[2018-02-23 15:50:41.471] [INFO] log_info - GET /dist/1.9094d56b8884ad4dc09f.js 304 0ms
[2018-02-23 15:53:28.385] [INFO] log_info - GET / 200 256ms
[2018-02-23 15:53:28.398] [INFO] log_info - GET /data 200 7ms
[2018-02-23 15:53:28.439] [INFO] log_info - GET /dist/0.f1b5b23cfb8bca937a57.js 200 19ms
[2018-02-23 15:53:28.441] [INFO] log_info - GET /dist/common.3b9a74e2558ed9a12755.css 200 23ms
[2018-02-23 15:53:28.449] [INFO] log_info - GET /dist/libs.js?26a17f589b8e9504126f 200 36ms
[2018-02-23 15:53:28.452] [INFO] log_info - GET /dist/app.3b9a74e2558ed9a12755.js 200 35ms
[2018-02-23 15:53:28.636] [INFO] log_info - GET /dist/1.9094d56b8884ad4dc09f.js 200 1ms
[2018-02-23 15:53:33.666] [INFO] log_info - GET / 200 53ms
[2018-02-23 15:53:33.669] [INFO] log_info - GET /data 200 1ms
[2018-02-23 15:53:33.688] [INFO] log_info - GET /dist/libs.js?26a17f589b8e9504126f 304 1ms
[2018-02-23 15:53:33.688] [INFO] log_info - GET /dist/app.3b9a74e2558ed9a12755.js 304 1ms
[2018-02-23 15:53:33.691] [INFO] log_info - GET /dist/common.3b9a74e2558ed9a12755.css 304 2ms
[2018-02-23 15:53:33.692] [INFO] log_info - GET /dist/0.f1b5b23cfb8bca937a57.js 304 3ms
[2018-02-23 15:53:33.898] [INFO] log_info - GET /dist/1.9094d56b8884ad4dc09f.js 304 1ms
[2018-02-23 15:55:34.078] [INFO] log_info - GET / 200 253ms
[2018-02-23 15:55:34.093] [INFO] log_info - GET /data 200 8ms
[2018-02-23 15:55:34.122] [INFO] log_info - GET /dist/common.3b9a74e2558ed9a12755.css 200 13ms
[2018-02-23 15:55:34.123] [INFO] log_info - GET /dist/0.f1b5b23cfb8bca937a57.js 200 15ms
[2018-02-23 15:55:34.130] [INFO] log_info - GET /dist/libs.js?26a17f589b8e9504126f 200 33ms
[2018-02-23 15:55:34.132] [INFO] log_info - GET /dist/app.3b9a74e2558ed9a12755.js 200 25ms
[2018-02-23 15:55:34.300] [INFO] log_info - GET /dist/1.9094d56b8884ad4dc09f.js 200 1ms
[2018-02-23 15:55:38.017] [INFO] log_info - GET / 200 47ms
[2018-02-23 15:55:38.020] [INFO] log_info - GET /data 200 1ms
[2018-02-23 15:55:38.039] [INFO] log_info - GET /dist/libs.js?26a17f589b8e9504126f 304 2ms
[2018-02-23 15:55:38.040] [INFO] log_info - GET /dist/app.3b9a74e2558ed9a12755.js 304 1ms
[2018-02-23 15:55:38.041] [INFO] log_info - GET /dist/common.3b9a74e2558ed9a12755.css 304 1ms
[2018-02-23 15:55:38.042] [INFO] log_info - GET /dist/0.f1b5b23cfb8bca937a57.js 304 2ms
[2018-02-23 15:55:38.238] [INFO] log_info - GET /dist/1.9094d56b8884ad4dc09f.js 304 1ms
[2018-02-23 15:56:03.063] [INFO] log_info - GET / 200 24ms
[2018-02-23 15:56:03.066] [INFO] log_info - GET /data 200 2ms
[2018-02-23 15:56:03.091] [INFO] log_info - GET /dist/libs.js?26a17f589b8e9504126f 304 1ms
[2018-02-23 15:56:03.094] [INFO] log_info - GET /dist/app.3b9a74e2558ed9a12755.js 304 2ms
[2018-02-23 15:56:03.095] [INFO] log_info - GET /dist/common.3b9a74e2558ed9a12755.css 304 1ms
[2018-02-23 15:56:03.095] [INFO] log_info - GET /dist/0.f1b5b23cfb8bca937a57.js 304 2ms
[2018-02-23 15:56:03.304] [INFO] log_info - GET /dist/1.9094d56b8884ad4dc09f.js 304 1ms
[2018-02-23 15:56:31.815] [INFO] log_info - GET / 200 40ms
[2018-02-23 15:56:31.859] [INFO] log_info - GET /dist/libs.js?26a17f589b8e9504126f 304 2ms
[2018-02-23 15:56:31.863] [INFO] log_info - GET /dist/app.3b9a74e2558ed9a12755.js 304 3ms
[2018-02-23 15:56:31.864] [INFO] log_info - GET /dist/common.3b9a74e2558ed9a12755.css 304 4ms
[2018-02-23 15:56:31.864] [INFO] log_info - GET /dist/0.f1b5b23cfb8bca937a57.js 304 3ms
[2018-02-23 15:56:31.888] [INFO] log_info - GET /data 200 21ms
[2018-02-23 15:56:32.062] [INFO] log_info - GET /dist/1.9094d56b8884ad4dc09f.js 304 1ms
[2018-02-23 15:56:34.129] [INFO] log_info - GET / 200 49ms
[2018-02-23 15:56:34.133] [INFO] log_info - GET /data 200 3ms
[2018-02-23 15:56:34.150] [INFO] log_info - GET /dist/libs.js?26a17f589b8e9504126f 304 1ms
[2018-02-23 15:56:34.153] [INFO] log_info - GET /dist/app.3b9a74e2558ed9a12755.js 304 1ms
[2018-02-23 15:56:34.155] [INFO] log_info - GET /dist/common.3b9a74e2558ed9a12755.css 304 1ms
[2018-02-23 15:56:34.156] [INFO] log_info - GET /dist/0.f1b5b23cfb8bca937a57.js 304 2ms
[2018-02-23 15:56:34.350] [INFO] log_info - GET /dist/1.9094d56b8884ad4dc09f.js 304 1ms
[2018-02-23 15:56:34.877] [INFO] log_info - GET / 200 62ms
[2018-02-23 15:56:34.880] [INFO] log_info - GET /data 200 1ms
[2018-02-23 15:56:34.908] [INFO] log_info - GET /dist/libs.js?26a17f589b8e9504126f 304 3ms
[2018-02-23 15:56:34.909] [INFO] log_info - GET /dist/app.3b9a74e2558ed9a12755.js 304 5ms
[2018-02-23 15:56:34.910] [INFO] log_info - GET /dist/common.3b9a74e2558ed9a12755.css 304 5ms
[2018-02-23 15:56:34.911] [INFO] log_info - GET /dist/0.f1b5b23cfb8bca937a57.js 304 6ms
[2018-02-23 15:56:35.119] [INFO] log_info - GET /dist/1.9094d56b8884ad4dc09f.js 304 1ms
[2018-02-23 15:56:35.560] [INFO] log_info - GET / 200 59ms
[2018-02-23 15:56:35.562] [INFO] log_info - GET /data 200 1ms
[2018-02-23 15:56:35.597] [INFO] log_info - GET /dist/libs.js?26a17f589b8e9504126f 304 2ms
[2018-02-23 15:56:35.598] [INFO] log_info - GET /dist/app.3b9a74e2558ed9a12755.js 304 2ms
[2018-02-23 15:56:35.599] [INFO] log_info - GET /dist/common.3b9a74e2558ed9a12755.css 304 3ms
[2018-02-23 15:56:35.599] [INFO] log_info - GET /dist/0.f1b5b23cfb8bca937a57.js 304 3ms
[2018-02-23 15:56:35.822] [INFO] log_info - GET /dist/1.9094d56b8884ad4dc09f.js 304 1ms
[2018-02-23 15:56:36.856] [INFO] log_info - GET / 200 34ms
[2018-02-23 15:56:36.906] [INFO] log_info - GET /data 200 33ms
[2018-02-23 15:56:36.911] [INFO] log_info - GET /dist/libs.js?26a17f589b8e9504126f 304 4ms
[2018-02-23 15:56:36.912] [INFO] log_info - GET /dist/app.3b9a74e2558ed9a12755.js 304 4ms
[2018-02-23 15:56:36.912] [INFO] log_info - GET /dist/common.3b9a74e2558ed9a12755.css 304 4ms
[2018-02-23 15:56:36.913] [INFO] log_info - GET /dist/0.f1b5b23cfb8bca937a57.js 304 4ms
[2018-02-23 15:56:37.073] [INFO] log_info - GET /dist/1.9094d56b8884ad4dc09f.js 304 1ms
[2018-02-23 15:56:56.969] [INFO] log_info - GET / 200 45ms
[2018-02-23 15:56:56.972] [INFO] log_info - GET /data 200 2ms
[2018-02-23 15:56:57.008] [INFO] log_info - GET /dist/common.3b9a74e2558ed9a12755.css 200 13ms
[2018-02-23 15:56:57.009] [INFO] log_info - GET /dist/0.f1b5b23cfb8bca937a57.js 200 14ms
[2018-02-23 15:56:57.019] [INFO] log_info - GET /dist/app.3b9a74e2558ed9a12755.js 200 25ms
[2018-02-23 15:56:57.020] [INFO] log_info - GET /dist/libs.js?26a17f589b8e9504126f 200 26ms
[2018-02-23 15:56:57.207] [INFO] log_info - GET /dist/1.9094d56b8884ad4dc09f.js 200 3ms
[2018-02-23 15:56:57.389] [INFO] log_info - GET /data 200 2ms
[2018-02-23 15:56:57.719] [INFO] log_info - GET /favicon.ico 200 63ms
[2018-02-23 15:57:01.019] [INFO] log_info - GET / 200 48ms
[2018-02-23 15:57:01.023] [INFO] log_info - GET /data 200 1ms
[2018-02-23 15:57:01.058] [INFO] log_info - GET /dist/common.3b9a74e2558ed9a12755.css 200 8ms
[2018-02-23 15:57:01.059] [INFO] log_info - GET /dist/0.f1b5b23cfb8bca937a57.js 200 8ms
[2018-02-23 15:57:01.066] [INFO] log_info - GET /dist/libs.js?26a17f589b8e9504126f 200 20ms
[2018-02-23 15:57:01.070] [INFO] log_info - GET /dist/app.3b9a74e2558ed9a12755.js 200 23ms
[2018-02-23 15:57:01.280] [INFO] log_info - GET /dist/1.9094d56b8884ad4dc09f.js 200 3ms
[2018-02-23 15:57:01.460] [INFO] log_info - GET /data 200 2ms
[2018-02-23 15:57:01.786] [INFO] log_info - GET /favicon.ico 200 54ms
[2018-02-23 15:57:02.177] [INFO] log_info - GET / 200 37ms
[2018-02-23 15:57:02.180] [INFO] log_info - GET /data 200 2ms
[2018-02-23 15:57:02.206] [INFO] log_info - GET /dist/0.f1b5b23cfb8bca937a57.js 200 6ms
[2018-02-23 15:57:02.207] [INFO] log_info - GET /dist/common.3b9a74e2558ed9a12755.css 200 7ms
[2018-02-23 15:57:02.217] [INFO] log_info - GET /dist/libs.js?26a17f589b8e9504126f 200 19ms
[2018-02-23 15:57:02.218] [INFO] log_info - GET /dist/app.3b9a74e2558ed9a12755.js 200 19ms
[2018-02-23 15:57:02.396] [INFO] log_info - GET /dist/1.9094d56b8884ad4dc09f.js 200 2ms
[2018-02-23 15:57:02.556] [INFO] log_info - GET /data 200 2ms
[2018-02-23 15:57:02.962] [INFO] log_info - GET /favicon.ico 200 53ms
[2018-02-23 15:57:05.050] [INFO] log_info - GET / 200 32ms
[2018-02-23 15:57:05.054] [INFO] log_info - GET /data 200 0ms
[2018-02-23 15:57:05.088] [INFO] log_info - GET /dist/0.f1b5b23cfb8bca937a57.js 200 5ms
[2018-02-23 15:57:05.088] [INFO] log_info - GET /dist/common.3b9a74e2558ed9a12755.css 200 6ms
[2018-02-23 15:57:05.097] [INFO] log_info - GET /dist/libs.js?26a17f589b8e9504126f 200 16ms
[2018-02-23 15:57:05.098] [INFO] log_info - GET /dist/app.3b9a74e2558ed9a12755.js 200 17ms
[2018-02-23 15:57:05.282] [INFO] log_info - GET /dist/1.9094d56b8884ad4dc09f.js 200 3ms
[2018-02-23 15:57:05.495] [INFO] log_info - GET /data 200 4ms
[2018-02-23 15:57:06.664] [INFO] log_info - GET /favicon.ico 200 29ms
[2018-02-23 16:00:20.345] [INFO] log_info - GET / 200 290ms
[2018-02-23 16:00:20.358] [INFO] log_info - GET /data 200 9ms
[2018-02-23 16:00:20.401] [INFO] log_info - GET /dist/common.3b9a74e2558ed9a12755.css 200 22ms
[2018-02-23 16:00:20.403] [INFO] log_info - GET /dist/0.ba6b46dc13ea602cc327.js 200 22ms
[2018-02-23 16:00:20.412] [INFO] log_info - GET /dist/libs.js?815eb9cc44acc60b9c90 200 35ms
[2018-02-23 16:00:20.415] [INFO] log_info - GET /dist/app.3b9a74e2558ed9a12755.js 200 35ms
[2018-02-23 16:00:20.624] [INFO] log_info - GET /dist/1.9094d56b8884ad4dc09f.js 200 1ms
[2018-02-23 16:00:20.842] [INFO] log_info - GET /data 200 3ms
[2018-02-23 16:00:21.353] [INFO] log_info - GET /favicon.ico 200 101ms
[2018-02-23 16:00:23.918] [INFO] log_info - GET / 200 44ms
[2018-02-23 16:00:23.920] [INFO] log_info - GET /data 200 1ms
[2018-02-23 16:00:23.953] [INFO] log_info - GET /dist/common.3b9a74e2558ed9a12755.css 200 12ms
[2018-02-23 16:00:23.953] [INFO] log_info - GET /dist/0.ba6b46dc13ea602cc327.js 200 12ms
[2018-02-23 16:00:23.964] [INFO] log_info - GET /dist/app.3b9a74e2558ed9a12755.js 200 23ms
[2018-02-23 16:00:23.965] [INFO] log_info - GET /dist/libs.js?815eb9cc44acc60b9c90 200 25ms
[2018-02-23 16:00:24.159] [INFO] log_info - GET /dist/1.9094d56b8884ad4dc09f.js 200 1ms
[2018-02-23 16:00:24.368] [INFO] log_info - GET /data 200 2ms
[2018-02-23 16:00:24.783] [INFO] log_info - GET /favicon.ico 200 34ms
[2018-02-23 16:00:34.892] [INFO] log_info - GET / 200 23ms
[2018-02-23 16:00:34.894] [INFO] log_info - GET /data 200 1ms
[2018-02-23 16:00:34.925] [INFO] log_info - GET /dist/0.ba6b46dc13ea602cc327.js 200 7ms
[2018-02-23 16:00:34.929] [INFO] log_info - GET /dist/common.3b9a74e2558ed9a12755.css 200 10ms
[2018-02-23 16:00:34.933] [INFO] log_info - GET /dist/libs.js?815eb9cc44acc60b9c90 200 18ms
[2018-02-23 16:00:34.937] [INFO] log_info - GET /dist/app.3b9a74e2558ed9a12755.js 200 20ms
[2018-02-23 16:00:35.130] [INFO] log_info - GET /dist/1.9094d56b8884ad4dc09f.js 200 2ms
[2018-02-23 16:00:35.299] [INFO] log_info - GET /data 200 4ms
[2018-02-23 16:00:35.607] [INFO] log_info - GET /favicon.ico 200 26ms
[2018-02-23 16:00:35.752] [INFO] log_info - GET / 200 37ms
[2018-02-23 16:00:35.755] [INFO] log_info - GET /data 200 1ms
[2018-02-23 16:00:35.793] [INFO] log_info - GET /dist/common.3b9a74e2558ed9a12755.css 200 10ms
[2018-02-23 16:00:35.795] [INFO] log_info - GET /dist/0.ba6b46dc13ea602cc327.js 200 12ms
[2018-02-23 16:00:35.803] [INFO] log_info - GET /dist/libs.js?815eb9cc44acc60b9c90 200 22ms
[2018-02-23 16:00:35.808] [INFO] log_info - GET /dist/app.3b9a74e2558ed9a12755.js 200 26ms
[2018-02-23 16:00:35.995] [INFO] log_info - GET /dist/1.9094d56b8884ad4dc09f.js 200 1ms
[2018-02-23 16:00:36.157] [INFO] log_info - GET /data 200 2ms
[2018-02-23 16:00:36.415] [INFO] log_info - GET / 200 27ms
[2018-02-23 16:00:36.417] [INFO] log_info - GET /data 200 1ms
[2018-02-23 16:00:36.524] [INFO] log_info - GET /dist/common.3b9a74e2558ed9a12755.css 200 7ms
[2018-02-23 16:00:36.525] [INFO] log_info - GET /dist/0.ba6b46dc13ea602cc327.js 200 7ms
[2018-02-23 16:00:36.531] [INFO] log_info - GET /dist/libs.js?815eb9cc44acc60b9c90 200 16ms
[2018-02-23 16:00:36.535] [INFO] log_info - GET /dist/app.3b9a74e2558ed9a12755.js 200 18ms
[2018-02-23 16:00:36.738] [INFO] log_info - GET /dist/1.9094d56b8884ad4dc09f.js 200 1ms
[2018-02-23 16:00:36.920] [INFO] log_info - GET /data 200 1ms
[2018-02-23 16:00:37.048] [INFO] log_info - GET / 200 30ms
[2018-02-23 16:00:37.050] [INFO] log_info - GET /data 200 1ms
[2018-02-23 16:00:37.186] [INFO] log_info - GET /dist/common.3b9a74e2558ed9a12755.css 200 10ms
[2018-02-23 16:00:37.187] [INFO] log_info - GET /dist/0.ba6b46dc13ea602cc327.js 200 10ms
[2018-02-23 16:00:37.197] [INFO] log_info - GET /dist/libs.js?815eb9cc44acc60b9c90 200 21ms
[2018-02-23 16:00:37.198] [INFO] log_info - GET /dist/app.3b9a74e2558ed9a12755.js 200 23ms
[2018-02-23 16:00:37.382] [INFO] log_info - GET /dist/1.9094d56b8884ad4dc09f.js 200 2ms
[2018-02-23 16:00:37.550] [INFO] log_info - GET /data 200 1ms
[2018-02-23 16:00:37.684] [INFO] log_info - GET / 200 34ms
[2018-02-23 16:00:37.686] [INFO] log_info - GET /data 200 1ms
[2018-02-23 16:00:37.823] [INFO] log_info - GET /dist/0.ba6b46dc13ea602cc327.js 200 8ms
[2018-02-23 16:00:37.824] [INFO] log_info - GET /dist/common.3b9a74e2558ed9a12755.css 200 10ms
[2018-02-23 16:00:37.833] [INFO] log_info - GET /dist/libs.js?815eb9cc44acc60b9c90 200 19ms
[2018-02-23 16:00:37.833] [INFO] log_info - GET /dist/app.3b9a74e2558ed9a12755.js 200 19ms
[2018-02-23 16:00:38.022] [INFO] log_info - GET /dist/1.9094d56b8884ad4dc09f.js 200 1ms
[2018-02-23 16:00:38.217] [INFO] log_info - GET /data 200 1ms
[2018-02-23 16:00:38.496] [INFO] log_info - GET /favicon.ico 200 32ms
[2018-02-23 16:01:56.903] [INFO] log_info - GET / 200 26ms
[2018-02-23 16:01:56.924] [INFO] log_info - GET /robots.txt 200 21ms
[2018-02-23 16:01:56.925] [INFO] log_info - GET /data 200 0ms
[2018-02-23 16:01:57.132] [INFO] log_info - GET /dist/common.3b9a74e2558ed9a12755.css 200 5ms
[2018-02-23 16:01:57.285] [INFO] log_info - GET /dist/libs.js?815eb9cc44acc60b9c90 200 10ms
[2018-02-23 16:01:57.307] [INFO] log_info - GET /dist/1.9094d56b8884ad4dc09f.js 200 2ms
[2018-02-23 16:01:57.328] [INFO] log_info - GET /dist/0.ba6b46dc13ea602cc327.js 200 1ms
[2018-02-23 16:01:57.341] [INFO] log_info - GET /dist/app.3b9a74e2558ed9a12755.js 200 11ms
[2018-02-23 16:01:57.948] [INFO] log_info - GET /data 200 2ms
[2018-02-23 16:01:58.388] [INFO] log_info - GET /favicon.ico 200 44ms
[2018-02-23 16:02:10.921] [INFO] log_info - GET / 200 29ms
[2018-02-23 16:02:10.941] [INFO] log_info - GET /data 200 2ms
[2018-02-23 16:02:11.249] [INFO] log_info - GET /dist/common.3b9a74e2558ed9a12755.css 200 5ms
[2018-02-23 16:02:11.256] [INFO] log_info - GET /dist/libs.js?815eb9cc44acc60b9c90 200 12ms
[2018-02-23 16:02:11.256] [INFO] log_info - GET /dist/app.3b9a74e2558ed9a12755.js 200 12ms
[2018-02-23 16:02:14.256] [INFO] log_info - GET /dist/1.9094d56b8884ad4dc09f.js 200 2ms
[2018-02-23 16:02:16.062] [INFO] log_info - GET /dist/0.ba6b46dc13ea602cc327.js 200 57ms
[2018-02-23 16:02:27.756] [INFO] log_info - GET / 200 53ms
[2018-02-23 16:02:27.784] [INFO] log_info - GET /data 200 3ms
[2018-02-23 16:02:29.991] [INFO] log_info - GET /dist/app.3b9a74e2558ed9a12755.js 200 11ms
[2018-02-23 16:02:30.078] [INFO] log_info - GET /dist/common.3b9a74e2558ed9a12755.css 200 3ms
[2018-02-23 16:02:30.122] [INFO] log_info - GET /dist/libs.js?815eb9cc44acc60b9c90 200 10ms
[2018-02-23 16:02:31.366] [INFO] log_info - GET /dist/0.ba6b46dc13ea602cc327.js 200 2ms
[2018-02-23 16:02:33.721] [INFO] log_info - GET /dist/1.9094d56b8884ad4dc09f.js 200 2ms
[2018-02-23 16:02:34.334] [INFO] log_info - GET / 200 44ms
[2018-02-23 16:02:34.335] [INFO] log_info - GET /data 200 0ms
[2018-02-23 16:02:34.668] [INFO] log_info - GET /dist/libs.js?815eb9cc44acc60b9c90 200 9ms
[2018-02-23 16:02:34.670] [INFO] log_info - GET /dist/app.3b9a74e2558ed9a12755.js 200 11ms
[2018-02-23 16:02:38.205] [INFO] log_info - GET /dist/common.3b9a74e2558ed9a12755.css 200 2ms
[2018-02-23 16:02:39.354] [INFO] log_info - GET /dist/0.ba6b46dc13ea602cc327.js 200 2ms
[2018-02-23 16:02:39.947] [INFO] log_info - GET /dist/1.9094d56b8884ad4dc09f.js 200 2ms
[2018-02-23 16:03:03.239] [INFO] log_info - GET /data 200 3ms
[2018-02-23 16:03:06.860] [INFO] log_info - GET /favicon.ico 200 28ms
[2018-02-23 16:03:30.698] [INFO] log_info - GET / 200 27ms
[2018-02-23 16:03:30.700] [INFO] log_info - GET /data 200 1ms
[2018-02-23 16:03:31.055] [INFO] log_info - GET /dist/0.ba6b46dc13ea602cc327.js 200 5ms
[2018-02-23 16:03:31.056] [INFO] log_info - GET /dist/common.3b9a74e2558ed9a12755.css 200 7ms
[2018-02-23 16:03:31.060] [INFO] log_info - GET /dist/libs.js?815eb9cc44acc60b9c90 200 12ms
[2018-02-23 16:03:31.062] [INFO] log_info - GET /dist/app.3b9a74e2558ed9a12755.js 200 13ms
[2018-02-23 16:03:38.251] [INFO] log_info - GET /dist/1.9094d56b8884ad4dc09f.js 200 3ms
[2018-02-23 16:03:42.149] [INFO] log_info - GET /data 200 2ms
[2018-02-23 16:03:42.617] [INFO] log_info - GET /favicon.ico 200 22ms
[2018-02-23 16:04:18.419] [INFO] log_info - GET / 200 22ms
[2018-02-23 16:04:18.421] [INFO] log_info - GET /data 200 1ms
[2018-02-23 16:04:18.748] [INFO] log_info - GET /dist/0.ba6b46dc13ea602cc327.js 200 1ms
[2018-02-23 16:04:18.754] [INFO] log_info - GET /dist/libs.js?815eb9cc44acc60b9c90 200 9ms
[2018-02-23 16:04:18.756] [INFO] log_info - GET /dist/app.3b9a74e2558ed9a12755.js 200 9ms
[2018-02-23 16:04:19.177] [INFO] log_info - GET /dist/common.3b9a74e2558ed9a12755.css 200 2ms
[2018-02-23 16:04:19.936] [INFO] log_info - GET /dist/1.9094d56b8884ad4dc09f.js 200 1ms
[2018-02-23 16:04:24.477] [INFO] log_info - GET /data 200 4ms
[2018-02-23 16:04:25.302] [INFO] log_info - GET /favicon.ico 200 22ms
[2018-02-23 16:04:34.880] [INFO] log_info - GET / 200 28ms
[2018-02-23 16:04:34.883] [INFO] log_info - GET /data 200 2ms
[2018-02-23 16:04:35.214] [INFO] log_info - GET /dist/0.ba6b46dc13ea602cc327.js 200 3ms
[2018-02-23 16:04:35.214] [INFO] log_info - GET /dist/common.3b9a74e2558ed9a12755.css 200 4ms
[2018-02-23 16:04:35.222] [INFO] log_info - GET /dist/libs.js?815eb9cc44acc60b9c90 200 15ms
[2018-02-23 16:04:35.543] [INFO] log_info - GET /dist/app.3b9a74e2558ed9a12755.js 200 9ms
[2018-02-23 16:04:36.295] [INFO] log_info - GET /dist/1.9094d56b8884ad4dc09f.js 200 2ms
[2018-02-23 16:04:46.223] [INFO] log_info - GET /data 200 24ms
[2018-02-23 16:04:46.651] [INFO] log_info - GET /favicon.ico 200 27ms
[2018-02-23 16:04:56.109] [INFO] log_info - GET / 200 26ms
[2018-02-23 16:04:56.114] [INFO] log_info - GET /data 200 1ms
[2018-02-23 16:04:57.055] [INFO] log_info - GET /dist/common.3b9a74e2558ed9a12755.css 304 2ms
[2018-02-23 16:04:57.364] [INFO] log_info - GET /dist/1.9094d56b8884ad4dc09f.js 304 1ms
[2018-02-23 16:04:57.522] [INFO] log_info - GET /dist/0.ba6b46dc13ea602cc327.js 304 1ms
[2018-02-23 16:04:57.579] [INFO] log_info - GET /dist/libs.js?815eb9cc44acc60b9c90 304 0ms
[2018-02-23 16:04:57.589] [INFO] log_info - GET /dist/app.3b9a74e2558ed9a12755.js 304 1ms
[2018-02-23 16:05:47.270] [INFO] log_info - GET / 200 42ms
[2018-02-23 16:05:47.273] [INFO] log_info - GET /data 200 1ms
[2018-02-23 16:05:48.038] [INFO] log_info - GET /dist/common.3b9a74e2558ed9a12755.css 304 1ms
[2018-02-23 16:05:48.350] [INFO] log_info - GET /dist/1.9094d56b8884ad4dc09f.js 304 1ms
[2018-02-23 16:05:48.459] [INFO] log_info - GET /dist/libs.js?815eb9cc44acc60b9c90 304 2ms
[2018-02-23 16:05:48.467] [INFO] log_info - GET /dist/app.3b9a74e2558ed9a12755.js 304 1ms
[2018-02-23 16:05:48.531] [INFO] log_info - GET /dist/0.ba6b46dc13ea602cc327.js 304 1ms
[2018-02-23 16:06:03.199] [INFO] log_info - GET / 200 37ms
[2018-02-23 16:06:03.225] [INFO] log_info - GET /data 200 2ms
[2018-02-23 16:06:03.525] [INFO] log_info - GET /dist/common.3b9a74e2558ed9a12755.css 304 2ms
[2018-02-23 16:06:03.525] [INFO] log_info - GET /dist/libs.js?815eb9cc44acc60b9c90 304 2ms
[2018-02-23 16:06:03.526] [INFO] log_info - GET /dist/0.ba6b46dc13ea602cc327.js 304 2ms
[2018-02-23 16:06:03.938] [INFO] log_info - GET /dist/app.3b9a74e2558ed9a12755.js 304 1ms
[2018-02-23 16:06:05.173] [INFO] log_info - GET /dist/1.9094d56b8884ad4dc09f.js 304 0ms
[2018-02-23 16:06:46.209] [INFO] log_info - GET / 200 53ms
[2018-02-23 16:06:46.246] [INFO] log_info - GET /robots.txt 200 36ms
[2018-02-23 16:06:46.248] [INFO] log_info - GET /data 200 1ms
[2018-02-23 16:06:46.315] [INFO] log_info - GET /dist/common.3b9a74e2558ed9a12755.css 200 9ms
[2018-02-23 16:06:46.318] [INFO] log_info - GET /dist/0.ba6b46dc13ea602cc327.js 200 11ms
[2018-02-23 16:06:46.328] [INFO] log_info - GET /dist/libs.js?815eb9cc44acc60b9c90 200 22ms
[2018-02-23 16:06:46.329] [INFO] log_info - GET /dist/app.3b9a74e2558ed9a12755.js 200 23ms
[2018-02-23 16:06:46.527] [INFO] log_info - GET /dist/1.9094d56b8884ad4dc09f.js 200 2ms
[2018-02-23 16:06:47.098] [INFO] log_info - GET /favicon.ico 200 35ms
[2018-02-23 16:06:51.527] [INFO] log_info - GET / 200 24ms
[2018-02-23 16:06:51.530] [INFO] log_info - GET /data 200 2ms
[2018-02-23 16:06:51.552] [INFO] log_info - GET /dist/libs.js?815eb9cc44acc60b9c90 304 1ms
[2018-02-23 16:06:51.553] [INFO] log_info - GET /dist/app.3b9a74e2558ed9a12755.js 304 1ms
[2018-02-23 16:06:51.553] [INFO] log_info - GET /dist/common.3b9a74e2558ed9a12755.css 304 0ms
[2018-02-23 16:06:51.556] [INFO] log_info - GET /dist/0.ba6b46dc13ea602cc327.js 304 1ms
[2018-02-23 16:06:51.794] [INFO] log_info - GET /dist/1.9094d56b8884ad4dc09f.js 304 1ms
[2018-02-23 16:07:03.594] [INFO] log_info - GET / 200 27ms
[2018-02-23 16:07:03.597] [INFO] log_info - GET /data 200 1ms
[2018-02-23 16:07:03.639] [INFO] log_info - GET /dist/common.3b9a74e2558ed9a12755.css 200 12ms
[2018-02-23 16:07:03.639] [INFO] log_info - GET /dist/0.ba6b46dc13ea602cc327.js 200 12ms
[2018-02-23 16:07:03.643] [INFO] log_info - GET /dist/libs.js?815eb9cc44acc60b9c90 200 18ms
[2018-02-23 16:07:03.650] [INFO] log_info - GET /dist/app.3b9a74e2558ed9a12755.js 200 23ms
[2018-02-23 16:07:03.832] [INFO] log_info - GET /dist/1.9094d56b8884ad4dc09f.js 200 1ms
[2018-02-23 16:07:04.003] [INFO] log_info - GET /data 200 2ms
[2018-02-23 16:07:04.327] [INFO] log_info - GET /favicon.ico 200 48ms
[2018-02-23 16:07:08.142] [INFO] log_info - GET / 200 30ms
[2018-02-23 16:07:08.146] [INFO] log_info - GET /data 200 2ms
[2018-02-23 16:07:08.184] [INFO] log_info - GET /dist/common.3b9a74e2558ed9a12755.css 200 9ms
[2018-02-23 16:07:08.186] [INFO] log_info - GET /dist/0.ba6b46dc13ea602cc327.js 200 11ms
[2018-02-23 16:07:08.198] [INFO] log_info - GET /dist/libs.js?815eb9cc44acc60b9c90 200 25ms
[2018-02-23 16:07:08.199] [INFO] log_info - GET /dist/app.3b9a74e2558ed9a12755.js 200 25ms
[2018-02-23 16:07:08.370] [INFO] log_info - GET /dist/1.9094d56b8884ad4dc09f.js 200 1ms
[2018-02-23 16:07:08.533] [INFO] log_info - GET /data 200 2ms
[2018-02-23 16:07:08.844] [INFO] log_info - GET /favicon.ico 200 48ms
[2018-02-23 16:07:09.296] [INFO] log_info - GET / 200 32ms
[2018-02-23 16:07:09.300] [INFO] log_info - GET /data 200 2ms
[2018-02-23 16:07:09.332] [INFO] log_info - GET /dist/common.3b9a74e2558ed9a12755.css 200 7ms
[2018-02-23 16:07:09.333] [INFO] log_info - GET /dist/0.ba6b46dc13ea602cc327.js 200 7ms
[2018-02-23 16:07:09.339] [INFO] log_info - GET /dist/libs.js?815eb9cc44acc60b9c90 200 16ms
[2018-02-23 16:07:09.345] [INFO] log_info - GET /dist/app.3b9a74e2558ed9a12755.js 200 20ms
[2018-02-23 16:07:09.517] [INFO] log_info - GET /dist/1.9094d56b8884ad4dc09f.js 200 2ms
[2018-02-23 16:07:09.685] [INFO] log_info - GET /data 200 2ms
[2018-02-23 16:07:10.001] [INFO] log_info - GET /favicon.ico 200 41ms
[2018-02-23 16:07:34.968] [INFO] log_info - GET / 200 35ms
[2018-02-23 16:07:34.979] [INFO] log_info - GET /data 200 1ms
[2018-02-23 16:07:35.004] [INFO] log_info - GET /dist/common.3b9a74e2558ed9a12755.css 200 11ms
[2018-02-23 16:07:35.004] [INFO] log_info - GET /dist/0.ba6b46dc13ea602cc327.js 200 11ms
[2018-02-23 16:07:35.012] [INFO] log_info - GET /dist/libs.js?815eb9cc44acc60b9c90 200 20ms
[2018-02-23 16:07:35.012] [INFO] log_info - GET /dist/app.3b9a74e2558ed9a12755.js 200 19ms
[2018-02-23 16:07:35.202] [INFO] log_info - GET /dist/1.9094d56b8884ad4dc09f.js 200 2ms
[2018-02-23 16:07:35.381] [INFO] log_info - GET /data 200 2ms
[2018-02-23 16:07:35.726] [INFO] log_info - GET /favicon.ico 200 45ms
[2018-02-23 16:07:42.861] [INFO] log_info - GET /dist/0.ba6b46dc13ea602cc327.js 200 2ms
[2018-02-23 16:07:42.861] [INFO] log_info - GET /dist/common.3b9a74e2558ed9a12755.css 200 3ms
[2018-02-23 16:07:42.870] [INFO] log_info - GET /dist/libs.js?815eb9cc44acc60b9c90 200 15ms
[2018-02-23 16:07:42.873] [INFO] log_info - GET /dist/app.3b9a74e2558ed9a12755.js 200 17ms
[2018-02-23 16:07:43.090] [INFO] log_info - GET /dist/1.9094d56b8884ad4dc09f.js 200 1ms
[2018-02-23 16:07:43.787] [INFO] log_info - GET /data 200 2ms
[2018-02-23 16:07:44.189] [INFO] log_info - GET /favicon.ico 200 49ms
[2018-02-23 16:07:50.607] [INFO] log_info - GET / 200 32ms
[2018-02-23 16:07:50.635] [INFO] log_info - GET /data 200 7ms
[2018-02-23 16:07:50.731] [INFO] log_info - GET /dist/libs.js?815eb9cc44acc60b9c90 304 3ms
[2018-02-23 16:07:50.732] [INFO] log_info - GET /dist/app.3b9a74e2558ed9a12755.js 304 3ms
[2018-02-23 16:07:50.733] [INFO] log_info - GET /dist/common.3b9a74e2558ed9a12755.css 304 3ms
[2018-02-23 16:07:50.734] [INFO] log_info - GET /dist/0.ba6b46dc13ea602cc327.js 304 0ms
[2018-02-23 16:07:50.930] [INFO] log_info - GET /dist/1.9094d56b8884ad4dc09f.js 304 0ms
[2018-02-23 16:07:56.737] [INFO] log_info - GET / 200 42ms
[2018-02-23 16:07:56.740] [INFO] log_info - GET /data 200 1ms
[2018-02-23 16:07:56.865] [INFO] log_info - GET /dist/libs.js?815eb9cc44acc60b9c90 304 2ms
[2018-02-23 16:07:56.866] [INFO] log_info - GET /dist/app.3b9a74e2558ed9a12755.js 304 2ms
[2018-02-23 16:07:56.867] [INFO] log_info - GET /dist/0.ba6b46dc13ea602cc327.js 304 1ms
[2018-02-23 16:07:56.868] [INFO] log_info - GET /dist/common.3b9a74e2558ed9a12755.css 304 1ms
[2018-02-23 16:07:57.073] [INFO] log_info - GET /dist/1.9094d56b8884ad4dc09f.js 304 1ms
[2018-02-23 16:07:59.835] [INFO] log_info - GET / 200 39ms
[2018-02-23 16:07:59.837] [INFO] log_info - GET /data 200 1ms
[2018-02-23 16:07:59.956] [INFO] log_info - GET /dist/common.3b9a74e2558ed9a12755.css 304 3ms
[2018-02-23 16:07:59.957] [INFO] log_info - GET /dist/0.ba6b46dc13ea602cc327.js 304 4ms
[2018-02-23 16:07:59.958] [INFO] log_info - GET /dist/app.3b9a74e2558ed9a12755.js 304 1ms
[2018-02-23 16:07:59.958] [INFO] log_info - GET /dist/libs.js?815eb9cc44acc60b9c90 304 0ms
[2018-02-23 16:08:00.165] [INFO] log_info - GET /dist/1.9094d56b8884ad4dc09f.js 304 1ms
[2018-02-23 16:08:01.562] [INFO] log_info - GET / 200 47ms
[2018-02-23 16:08:01.564] [INFO] log_info - GET /data 200 1ms
[2018-02-23 16:08:01.679] [INFO] log_info - GET /dist/libs.js?815eb9cc44acc60b9c90 304 1ms
[2018-02-23 16:08:01.707] [INFO] log_info - GET /dist/common.3b9a74e2558ed9a12755.css 304 6ms
[2018-02-23 16:08:01.708] [INFO] log_info - GET /dist/app.3b9a74e2558ed9a12755.js 304 1ms
[2018-02-23 16:08:01.708] [INFO] log_info - GET /dist/0.ba6b46dc13ea602cc327.js 304 2ms
[2018-02-23 16:08:01.886] [INFO] log_info - GET /dist/1.9094d56b8884ad4dc09f.js 304 1ms
[2018-02-23 16:08:06.531] [INFO] log_info - GET / 200 30ms
[2018-02-23 16:08:06.534] [INFO] log_info - GET /data 200 2ms
[2018-02-23 16:08:06.659] [INFO] log_info - GET /dist/0.ba6b46dc13ea602cc327.js 200 6ms
[2018-02-23 16:08:06.660] [INFO] log_info - GET /dist/common.3b9a74e2558ed9a12755.css 200 7ms
[2018-02-23 16:08:06.669] [INFO] log_info - GET /dist/libs.js?815eb9cc44acc60b9c90 200 16ms
[2018-02-23 16:08:06.671] [INFO] log_info - GET /dist/app.3b9a74e2558ed9a12755.js 200 16ms
[2018-02-23 16:08:06.881] [INFO] log_info - GET /dist/1.9094d56b8884ad4dc09f.js 200 2ms
[2018-02-23 16:08:07.367] [INFO] log_info - GET /data 200 2ms
[2018-02-23 16:08:07.712] [INFO] log_info - GET /favicon.ico 200 38ms
[2018-02-23 16:08:11.368] [INFO] log_info - GET / 200 25ms
[2018-02-23 16:08:11.370] [INFO] log_info - GET /data 200 1ms
[2018-02-23 16:08:11.495] [INFO] log_info - GET /dist/0.ba6b46dc13ea602cc327.js 200 6ms
[2018-02-23 16:08:11.502] [INFO] log_info - GET /dist/common.3b9a74e2558ed9a12755.css 200 12ms
[2018-02-23 16:08:11.512] [INFO] log_info - GET /dist/app.3b9a74e2558ed9a12755.js 200 22ms
[2018-02-23 16:08:11.512] [INFO] log_info - GET /dist/libs.js?815eb9cc44acc60b9c90 200 21ms
[2018-02-23 16:08:11.718] [INFO] log_info - GET /dist/1.9094d56b8884ad4dc09f.js 200 2ms
[2018-02-23 16:08:12.435] [INFO] log_info - GET /data 200 2ms
[2018-02-23 16:08:12.790] [INFO] log_info - GET /favicon.ico 200 32ms
[2018-02-23 16:08:19.655] [INFO] log_info - GET / 200 22ms
[2018-02-23 16:08:19.657] [INFO] log_info - GET /data 200 1ms
[2018-02-23 16:08:19.800] [INFO] log_info - GET /dist/common.3b9a74e2558ed9a12755.css 200 6ms
[2018-02-23 16:08:19.813] [INFO] log_info - GET /dist/app.3b9a74e2558ed9a12755.js 200 19ms
[2018-02-23 16:08:19.817] [INFO] log_info - GET /dist/libs.js?815eb9cc44acc60b9c90 200 22ms
[2018-02-23 16:08:19.994] [INFO] log_info - GET /dist/1.9094d56b8884ad4dc09f.js 200 1ms
[2018-02-23 16:08:20.079] [INFO] log_info - GET /dist/0.ba6b46dc13ea602cc327.js 200 2ms
[2018-02-23 16:08:20.911] [INFO] log_info - GET /data 200 2ms
[2018-02-23 16:08:21.279] [INFO] log_info - GET /favicon.ico 200 34ms
[2018-02-23 16:08:29.019] [INFO] log_info - GET / 200 22ms
[2018-02-23 16:08:29.020] [INFO] log_info - GET /data 200 0ms
[2018-02-23 16:08:29.144] [INFO] log_info - GET /dist/common.3b9a74e2558ed9a12755.css 200 4ms
[2018-02-23 16:08:29.145] [INFO] log_info - GET /dist/0.ba6b46dc13ea602cc327.js 200 2ms
[2018-02-23 16:08:29.155] [INFO] log_info - GET /dist/libs.js?815eb9cc44acc60b9c90 200 14ms
[2018-02-23 16:08:29.157] [INFO] log_info - GET /dist/app.3b9a74e2558ed9a12755.js 200 17ms
[2018-02-23 16:08:29.339] [INFO] log_info - GET /dist/1.9094d56b8884ad4dc09f.js 200 2ms
[2018-02-23 16:08:29.696] [INFO] log_info - GET /data 200 2ms
[2018-02-23 16:08:30.042] [INFO] log_info - GET /favicon.ico 200 41ms
[2018-02-23 16:12:20.100] [INFO] log_info - GET / 200 315ms
[2018-02-23 16:12:20.123] [INFO] log_info - GET /data 200 11ms
[2018-02-23 16:12:20.253] [INFO] log_info - GET /dist/libs.js?815eb9cc44acc60b9c90 200 26ms
[2018-02-23 16:12:20.503] [INFO] log_info - GET /dist/0.ba6b46dc13ea602cc327.js 200 18ms
[2018-02-23 16:12:20.504] [INFO] log_info - GET /dist/common.3b9a74e2558ed9a12755.css 200 21ms
[2018-02-23 16:12:20.512] [INFO] log_info - GET /dist/app.3b9a74e2558ed9a12755.js 200 26ms
[2018-02-23 16:12:20.706] [INFO] log_info - GET /dist/1.9094d56b8884ad4dc09f.js 200 7ms
[2018-02-23 16:12:20.966] [INFO] log_info - GET /data 200 16ms
[2018-02-23 16:12:21.557] [INFO] log_info - GET /favicon.ico 200 281ms
[2018-02-23 16:12:30.380] [INFO] log_info - GET / 200 33ms
[2018-02-23 16:12:30.386] [INFO] log_info - GET /data 200 4ms
[2018-02-23 16:12:30.508] [INFO] log_info - GET /dist/0.ba6b46dc13ea602cc327.js 200 4ms
[2018-02-23 16:12:30.513] [INFO] log_info - GET /dist/common.3b9a74e2558ed9a12755.css 200 8ms
[2018-02-23 16:12:30.517] [INFO] log_info - GET /dist/libs.js?815eb9cc44acc60b9c90 200 16ms
[2018-02-23 16:12:30.518] [INFO] log_info - GET /dist/app.3b9a74e2558ed9a12755.js 200 17ms
[2018-02-23 16:12:30.722] [INFO] log_info - GET /dist/1.9094d56b8884ad4dc09f.js 200 3ms
[2018-02-23 16:12:30.945] [INFO] log_info - GET /data 200 5ms
[2018-02-23 16:12:31.333] [INFO] log_info - GET /favicon.ico 200 71ms
[2018-02-23 16:12:40.581] [INFO] log_info - GET / 200 49ms
[2018-02-23 16:12:40.589] [INFO] log_info - GET /data 200 5ms
[2018-02-23 16:12:40.707] [INFO] log_info - GET /dist/common.3b9a74e2558ed9a12755.css 200 4ms
[2018-02-23 16:12:40.712] [INFO] log_info - GET /dist/0.ba6b46dc13ea602cc327.js 200 2ms
[2018-02-23 16:12:40.719] [INFO] log_info - GET /dist/libs.js?815eb9cc44acc60b9c90 200 15ms
[2018-02-23 16:12:40.726] [INFO] log_info - GET /dist/app.3b9a74e2558ed9a12755.js 200 14ms
[2018-02-23 16:12:40.951] [INFO] log_info - GET /dist/1.9094d56b8884ad4dc09f.js 200 14ms
[2018-02-23 16:12:41.210] [INFO] log_info - GET /data 200 3ms
[2018-02-23 16:12:41.873] [INFO] log_info - GET /favicon.ico 200 357ms
[2018-02-23 16:12:42.131] [INFO] log_info - GET / 200 260ms
[2018-02-23 16:12:42.138] [INFO] log_info - GET /data 200 3ms
[2018-02-23 16:12:42.261] [INFO] log_info - GET /dist/common.3b9a74e2558ed9a12755.css 200 6ms
[2018-02-23 16:12:42.271] [INFO] log_info - GET /dist/libs.js?815eb9cc44acc60b9c90 200 13ms
[2018-02-23 16:12:42.274] [INFO] log_info - GET /dist/app.3b9a74e2558ed9a12755.js 200 20ms
[2018-02-23 16:12:42.281] [INFO] log_info - GET /dist/0.ba6b46dc13ea602cc327.js 200 3ms
[2018-02-23 16:12:42.452] [INFO] log_info - GET /dist/1.9094d56b8884ad4dc09f.js 200 2ms
[2018-02-23 16:12:42.802] [INFO] log_info - GET /data 200 3ms
[2018-02-23 16:12:42.975] [INFO] log_info - GET / 200 26ms
[2018-02-23 16:12:42.982] [INFO] log_info - GET /data 200 5ms
[2018-02-23 16:12:43.136] [INFO] log_info - GET /dist/0.ba6b46dc13ea602cc327.js 200 3ms
[2018-02-23 16:12:43.136] [INFO] log_info - GET /dist/common.3b9a74e2558ed9a12755.css 200 5ms
[2018-02-23 16:12:43.147] [INFO] log_info - GET /dist/app.3b9a74e2558ed9a12755.js 200 15ms
[2018-02-23 16:12:43.181] [INFO] log_info - GET /dist/libs.js?815eb9cc44acc60b9c90 200 48ms
[2018-02-23 16:12:43.419] [INFO] log_info - GET /dist/1.9094d56b8884ad4dc09f.js 200 2ms
[2018-02-23 16:12:43.542] [INFO] log_info - GET /data 200 2ms
[2018-02-23 16:12:43.932] [INFO] log_info - GET /favicon.ico 200 72ms
[2018-02-23 16:12:44.250] [INFO] log_info - GET / 200 38ms
[2018-02-23 16:12:44.257] [INFO] log_info - GET /data 200 5ms
[2018-02-23 16:12:44.378] [INFO] log_info - GET /dist/common.3b9a74e2558ed9a12755.css 200 4ms
[2018-02-23 16:12:44.385] [INFO] log_info - GET /dist/libs.js?815eb9cc44acc60b9c90 200 11ms
[2018-02-23 16:12:44.386] [INFO] log_info - GET /dist/app.3b9a74e2558ed9a12755.js 200 13ms
[2018-02-23 16:12:44.579] [INFO] log_info - GET /dist/0.ba6b46dc13ea602cc327.js 200 9ms
[2018-02-23 16:12:44.580] [INFO] log_info - GET /dist/1.9094d56b8884ad4dc09f.js 200 3ms
[2018-02-23 16:12:45.073] [INFO] log_info - GET /data 200 2ms
[2018-02-23 16:12:45.671] [INFO] log_info - GET /favicon.ico 200 309ms
[2018-02-23 16:12:45.912] [INFO] log_info - GET / 200 28ms
[2018-02-23 16:12:45.928] [INFO] log_info - GET /data 200 13ms
[2018-02-23 16:12:46.042] [INFO] log_info - GET /dist/0.ba6b46dc13ea602cc327.js 200 4ms
[2018-02-23 16:12:46.046] [INFO] log_info - GET /dist/app.3b9a74e2558ed9a12755.js 200 13ms
[2018-02-23 16:12:46.048] [INFO] log_info - GET /dist/common.3b9a74e2558ed9a12755.css 200 13ms
[2018-02-23 16:12:46.054] [INFO] log_info - GET /dist/libs.js?815eb9cc44acc60b9c90 200 18ms
[2018-02-23 16:12:46.234] [INFO] log_info - GET /dist/1.9094d56b8884ad4dc09f.js 200 3ms
[2018-02-23 16:12:46.497] [INFO] log_info - GET /data 200 2ms
[2018-02-23 16:12:46.855] [INFO] log_info - GET /favicon.ico 200 57ms
[2018-02-23 16:12:47.151] [INFO] log_info - GET / 200 37ms
[2018-02-23 16:12:47.157] [INFO] log_info - GET /data 200 2ms
[2018-02-23 16:12:47.287] [INFO] log_info - GET /dist/common.3b9a74e2558ed9a12755.css 200 3ms
[2018-02-23 16:12:47.288] [INFO] log_info - GET /dist/0.ba6b46dc13ea602cc327.js 200 4ms
[2018-02-23 16:12:47.295] [INFO] log_info - GET /dist/libs.js?815eb9cc44acc60b9c90 200 13ms
[2018-02-23 16:12:47.297] [INFO] log_info - GET /dist/app.3b9a74e2558ed9a12755.js 200 14ms
[2018-02-23 16:12:47.498] [INFO] log_info - GET /dist/1.9094d56b8884ad4dc09f.js 200 3ms
[2018-02-23 16:12:47.695] [INFO] log_info - GET /data 200 3ms
[2018-02-23 16:12:48.061] [INFO] log_info - GET /favicon.ico 200 71ms
[2018-02-23 16:12:48.463] [INFO] log_info - GET / 200 43ms
[2018-02-23 16:12:48.467] [INFO] log_info - GET /data 200 2ms
[2018-02-23 16:12:48.594] [INFO] log_info - GET /dist/common.3b9a74e2558ed9a12755.css 200 3ms
[2018-02-23 16:12:48.594] [INFO] log_info - GET /dist/libs.js?815eb9cc44acc60b9c90 200 12ms
[2018-02-23 16:12:48.595] [INFO] log_info - GET /dist/0.ba6b46dc13ea602cc327.js 200 4ms
[2018-02-23 16:12:48.602] [INFO] log_info - GET /dist/app.3b9a74e2558ed9a12755.js 200 12ms
[2018-02-23 16:12:48.782] [INFO] log_info - GET /dist/1.9094d56b8884ad4dc09f.js 200 2ms
[2018-02-23 16:12:49.008] [INFO] log_info - GET /data 200 2ms
[2018-02-23 16:12:49.412] [INFO] log_info - GET /favicon.ico 200 96ms
[2018-02-23 16:12:49.430] [INFO] log_info - GET / 200 75ms
[2018-02-23 16:12:49.435] [INFO] log_info - GET /data 200 2ms
[2018-02-23 16:12:49.562] [INFO] log_info - GET /dist/common.3b9a74e2558ed9a12755.css 200 3ms
[2018-02-23 16:12:49.563] [INFO] log_info - GET /dist/0.ba6b46dc13ea602cc327.js 200 2ms
[2018-02-23 16:12:49.571] [INFO] log_info - GET /dist/libs.js?815eb9cc44acc60b9c90 200 11ms
[2018-02-23 16:12:49.574] [INFO] log_info - GET /dist/app.3b9a74e2558ed9a12755.js 200 15ms
[2018-02-23 16:12:49.757] [INFO] log_info - GET /dist/1.9094d56b8884ad4dc09f.js 200 2ms
[2018-02-23 16:12:49.795] [INFO] log_info - GET / 200 27ms
[2018-02-23 16:12:49.798] [INFO] log_info - GET /data 200 1ms
[2018-02-23 16:12:50.086] [INFO] log_info - GET /dist/0.ba6b46dc13ea602cc327.js 200 4ms
[2018-02-23 16:12:50.088] [INFO] log_info - GET /dist/common.3b9a74e2558ed9a12755.css 200 5ms
[2018-02-23 16:12:50.096] [INFO] log_info - GET /dist/libs.js?815eb9cc44acc60b9c90 200 14ms
[2018-02-23 16:12:50.098] [INFO] log_info - GET /dist/app.3b9a74e2558ed9a12755.js 200 15ms
[2018-02-23 16:12:50.277] [INFO] log_info - GET /dist/1.9094d56b8884ad4dc09f.js 200 2ms
[2018-02-23 16:12:50.323] [INFO] log_info - GET / 200 39ms
[2018-02-23 16:12:50.329] [INFO] log_info - GET /data 200 2ms
[2018-02-23 16:12:50.342] [INFO] log_info - GET / 200 47ms
[2018-02-23 16:12:50.346] [INFO] log_info - GET /data 200 2ms
[2018-02-23 16:12:50.469] [INFO] log_info - GET /dist/libs.js?815eb9cc44acc60b9c90 200 11ms
[2018-02-23 16:12:50.472] [INFO] log_info - GET /dist/app.3b9a74e2558ed9a12755.js 200 14ms
[2018-02-23 16:12:50.489] [INFO] log_info - GET /dist/0.ba6b46dc13ea602cc327.js 200 2ms
[2018-02-23 16:12:50.770] [INFO] log_info - GET /dist/common.3b9a74e2558ed9a12755.css 200 11ms
[2018-02-23 16:12:50.791] [INFO] log_info - GET / 200 33ms
[2018-02-23 16:12:50.796] [INFO] log_info - GET /data 200 2ms
[2018-02-23 16:12:50.904] [INFO] log_info - GET /dist/1.9094d56b8884ad4dc09f.js 200 3ms
[2018-02-23 16:12:50.924] [INFO] log_info - GET /dist/libs.js?815eb9cc44acc60b9c90 200 12ms
[2018-02-23 16:12:50.926] [INFO] log_info - GET /dist/app.3b9a74e2558ed9a12755.js 200 12ms
[2018-02-23 16:12:50.927] [INFO] log_info - GET /dist/0.ba6b46dc13ea602cc327.js 200 5ms
[2018-02-23 16:12:51.111] [INFO] log_info - GET /dist/common.3b9a74e2558ed9a12755.css 200 2ms
[2018-02-23 16:12:51.276] [INFO] log_info - GET /dist/1.9094d56b8884ad4dc09f.js 200 5ms
[2018-02-23 16:12:51.437] [INFO] log_info - GET /data 200 8ms
[2018-02-23 16:12:51.801] [INFO] log_info - GET /favicon.ico 200 52ms
[2018-02-23 16:12:51.850] [INFO] log_info - GET / 200 48ms
[2018-02-23 16:12:51.854] [INFO] log_info - GET /data 200 2ms
[2018-02-23 16:12:51.979] [INFO] log_info - GET /dist/0.ba6b46dc13ea602cc327.js 200 4ms
[2018-02-23 16:12:51.979] [INFO] log_info - GET /dist/common.3b9a74e2558ed9a12755.css 200 4ms
[2018-02-23 16:12:51.985] [INFO] log_info - GET /dist/libs.js?815eb9cc44acc60b9c90 200 12ms
[2018-02-23 16:12:51.986] [INFO] log_info - GET /dist/app.3b9a74e2558ed9a12755.js 200 14ms
[2018-02-23 16:12:52.178] [INFO] log_info - GET /dist/1.9094d56b8884ad4dc09f.js 200 3ms
[2018-02-23 16:12:52.484] [INFO] log_info - GET /data 200 2ms
[2018-02-23 16:12:52.807] [INFO] log_info - GET /favicon.ico 200 33ms
[2018-02-23 16:12:53.261] [INFO] log_info - GET / 200 29ms
[2018-02-23 16:12:53.263] [INFO] log_info - GET /data 200 1ms
[2018-02-23 16:12:53.383] [INFO] log_info - GET /dist/common.3b9a74e2558ed9a12755.css 200 2ms
[2018-02-23 16:12:53.389] [INFO] log_info - GET /dist/0.ba6b46dc13ea602cc327.js 200 3ms
[2018-02-23 16:12:53.396] [INFO] log_info - GET /dist/libs.js?815eb9cc44acc60b9c90 200 11ms
[2018-02-23 16:12:53.396] [INFO] log_info - GET /dist/app.3b9a74e2558ed9a12755.js 200 11ms
[2018-02-23 16:12:53.569] [INFO] log_info - GET /dist/1.9094d56b8884ad4dc09f.js 200 1ms
[2018-02-23 16:12:53.899] [INFO] log_info - GET /data 200 2ms
[2018-02-23 16:12:54.236] [INFO] log_info - GET /favicon.ico 200 38ms
[2018-02-23 16:12:54.664] [INFO] log_info - GET / 200 21ms
[2018-02-23 16:12:54.666] [INFO] log_info - GET /data 200 1ms
[2018-02-23 16:12:54.787] [INFO] log_info - GET /dist/0.ba6b46dc13ea602cc327.js 200 3ms
[2018-02-23 16:12:54.787] [INFO] log_info - GET /dist/common.3b9a74e2558ed9a12755.css 200 2ms
[2018-02-23 16:12:54.795] [INFO] log_info - GET /dist/libs.js?815eb9cc44acc60b9c90 200 11ms
[2018-02-23 16:12:54.799] [INFO] log_info - GET /dist/app.3b9a74e2558ed9a12755.js 200 13ms
[2018-02-23 16:12:54.981] [INFO] log_info - GET /dist/1.9094d56b8884ad4dc09f.js 200 3ms
[2018-02-23 16:12:55.089] [INFO] log_info - GET /data 200 3ms
[2018-02-23 16:12:55.702] [INFO] log_info - GET /favicon.ico 200 307ms
[2018-02-23 16:12:55.920] [INFO] log_info - GET / 200 27ms
[2018-02-23 16:12:55.924] [INFO] log_info - GET /data 200 1ms
[2018-02-23 16:12:56.047] [INFO] log_info - GET /dist/0.ba6b46dc13ea602cc327.js 200 3ms
[2018-02-23 16:12:56.047] [INFO] log_info - GET /dist/common.3b9a74e2558ed9a12755.css 200 3ms
[2018-02-23 16:12:56.057] [INFO] log_info - GET /dist/libs.js?815eb9cc44acc60b9c90 200 12ms
[2018-02-23 16:12:56.058] [INFO] log_info - GET /dist/app.3b9a74e2558ed9a12755.js 200 14ms
[2018-02-23 16:12:56.253] [INFO] log_info - GET /dist/1.9094d56b8884ad4dc09f.js 200 1ms
[2018-02-23 16:12:56.382] [INFO] log_info - GET /data 200 2ms
[2018-02-23 16:12:56.715] [INFO] log_info - GET /favicon.ico 200 21ms
[2018-02-23 16:12:58.685] [INFO] log_info - GET / 200 19ms
[2018-02-23 16:12:58.700] [INFO] log_info - GET /data 200 14ms
[2018-02-23 16:12:58.814] [INFO] log_info - GET /dist/common.3b9a74e2558ed9a12755.css 200 2ms
[2018-02-23 16:12:58.814] [INFO] log_info - GET /dist/0.ba6b46dc13ea602cc327.js 200 2ms
[2018-02-23 16:12:58.823] [INFO] log_info - GET /dist/libs.js?815eb9cc44acc60b9c90 200 12ms
[2018-02-23 16:12:58.824] [INFO] log_info - GET /dist/app.3b9a74e2558ed9a12755.js 200 12ms
[2018-02-23 16:12:59.005] [INFO] log_info - GET /dist/1.9094d56b8884ad4dc09f.js 200 2ms
[2018-02-23 16:12:59.123] [INFO] log_info - GET /data 200 2ms
[2018-02-23 16:12:59.433] [INFO] log_info - GET /favicon.ico 200 24ms
[2018-02-23 16:36:08.983] [INFO] log_info - GET / 200 25ms
[2018-02-23 16:36:08.989] [INFO] log_info - GET /data 200 3ms
[2018-02-23 16:36:10.806] [INFO] log_info - GET /dist/0.ba6b46dc13ea602cc327.js 200 2ms
[2018-02-23 16:36:10.955] [INFO] log_info - GET /dist/common.3b9a74e2558ed9a12755.css 200 4ms
[2018-02-23 16:36:11.569] [INFO] log_info - GET /dist/1.9094d56b8884ad4dc09f.js 200 3ms
[2018-02-23 16:36:11.785] [INFO] log_info - GET /dist/app.3b9a74e2558ed9a12755.js 200 12ms
[2018-02-23 16:36:13.002] [INFO] log_info - GET /dist/libs.js?815eb9cc44acc60b9c90 200 9ms
[2018-02-23 16:36:40.921] [INFO] log_info - GET /data 200 2ms
[2018-02-23 16:36:41.446] [INFO] log_info - GET /favicon.ico 200 55ms
